

Microchip MPLAB XC8 Assembler V2.05 build -831301201 
                                                                                               Sun Jun 23 10:27:59 2019

Microchip MPLAB XC8 C Compiler v2.05 (Free license) build 20181220022703 Og1 
     1                           	processor	18F4520
     2                           	fnconf	rparam,??,?,0
     3                           	opt	pw 120
     4                           	opt	flic
     5                           	psect	cinit,global,reloc=2,class=CODE,delta=1
     6                           	psect	cstackCOMRAM,global,class=COMRAM,space=1,delta=1,noexec
     7                           	psect	text0,global,reloc=2,class=CODE,delta=1
     8                           	psect	text1,global,reloc=2,class=CODE,delta=1
     9                           	psect	text2,global,reloc=2,class=CODE,delta=1
    10                           	psect	text3,global,reloc=2,class=CODE,delta=1
    11                           	psect	text4,global,reloc=2,class=CODE,delta=1
    12                           	psect	intsave_regs,global,class=BIGRAM,space=1,delta=1,noexec
    13                           	psect	rparam,global,class=COMRAM,space=1,delta=1,noexec
    14  0000                     
    15                           ; Version 2.05
    16                           ; Generated 20/12/2018 GMT
    17                           ; 
    18                           ; Copyright © 2018, Microchip Technology Inc. and its subsidiaries ("Microchip")
    19                           ; All rights reserved.
    20                           ; 
    21                           ; This software is developed by Microchip Technology Inc. and its subsidiaries ("Microch
      +                          ip").
    22                           ; 
    23                           ; Redistribution and use in source and binary forms, with or without modification, are
    24                           ; permitted provided that the following conditions are met:
    25                           ; 
    26                           ;     1. Redistributions of source code must retain the above copyright notice, this lis
      +                          t of
    27                           ;        conditions and the following disclaimer.
    28                           ; 
    29                           ;     2. Redistributions in binary form must reproduce the above copyright notice, this 
      +                          list
    30                           ;        of conditions and the following disclaimer in the documentation and/or other
    31                           ;        materials provided with the distribution.
    32                           ; 
    33                           ;     3. Microchip's name may not be used to endorse or promote products derived from th
      +                          is
    34                           ;        software without specific prior written permission.
    35                           ; 
    36                           ; THIS SOFTWARE IS PROVIDED BY MICROCHIP "AS IS" AND ANY EXPRESS OR IMPLIED WARRANTIES,
    37                           ; INCLUDING, BUT NOT LIMITED TO, THE IMPLIED WARRANTIES OF MERCHANTABILITY AND FITNESS F
      +                          OR
    38                           ; PURPOSE ARE DISCLAIMED.  IN NO EVENT SHALL MICROCHIP BE LIABLE FOR ANY DIRECT, INDIREC
      +                          T,
    39                           ; INCIDENTAL, SPECIAL, EXEMPLARY, OR CONSEQUENTIAL DAMAGES (INCLUDING BUT NOT LIMITED TO
    40                           ; PROCUREMENT OF SUBSTITUTE GOODS OR SERVICES; LOSS OF USE, DATA OR PROFITS; OR BUSINESS
    41                           ; INTERRUPTION) HOWSOEVER CAUSED AND ON ANY THEORY OF LIABILITY, WHETHER IN CONTRACT, ST
      +                          RICT
    42                           ; LIABILITY, OR TORT (INCLUDING NEGLIGENCE OR OTHERWISE) ARISING IN ANY WAY OUT OF THE U
      +                          SE OF
    43                           ; THIS SOFTWARE, EVEN IF ADVISED OF THE POSSIBILITY OF SUCH DAMAGE.
    44                           ; 
    45                           ; 
    46                           ; Code-generator required, PIC18F4520 Definitions
    47                           ; 
    48                           ; SFR Addresses
    49  0000                     _LATDbits	set	3980
    50  0000                     _LATEbits	set	3981
    51  0000                     _LATD	set	3980
    52  0000                     _TRISEbits	set	3990
    53  0000                     _TRISD	set	3989
    54  0000                     _ADCON1	set	4033
    55                           
    56                           ; #config settings
    57  0000                     
    58                           	psect	cinit
    59  007D6E                     __pcinit:
    60                           	opt callstack 0
    61  007D6E                     start_initialization:
    62                           	opt callstack 0
    63  007D6E                     __initialization:
    64                           	opt callstack 0
    65  007D6E                     end_of_initialization:
    66                           	opt callstack 0
    67  007D6E                     __end_of__initialization:
    68                           	opt callstack 0
    69  007D6E  0100               	movlb	0
    70  007D70  EF8D  F03F         	goto	_main	;jump to C main() function
    71                           
    72                           	psect	cstackCOMRAM
    73  000001                     __pcstackCOMRAM:
    74                           	opt callstack 0
    75  000001                     set_bit@comp:
    76                           	opt callstack 0
    77                           
    78                           ; 1 bytes @ 0x0
    79  000001                     	ds	1
    80  000002                     set_bit@cmd:
    81                           	opt callstack 0
    82                           
    83                           ; 1 bytes @ 0x1
    84  000002                     	ds	1
    85  000003                     ??_lcd_cmd:
    86                           
    87                           ; 1 bytes @ 0x2
    88  000003                     	ds	1
    89  000004                     lcd_cmd@cmd:
    90                           	opt callstack 0
    91                           
    92                           ; 1 bytes @ 0x3
    93  000004                     	ds	1
    94  000005                     ??_lcd_ini:
    95  000005                     lcd_envia_byte@dado:
    96                           	opt callstack 0
    97                           
    98                           ; 1 bytes @ 0x4
    99  000005                     	ds	1
   100  000006                     lcd_ini@i:
   101                           	opt callstack 0
   102  000006                     lcd_envia_byte@nivel:
   103                           	opt callstack 0
   104                           
   105                           ; 1 bytes @ 0x5
   106  000006                     	ds	1
   107  000007                     
   108                           ; 1 bytes @ 0x6
   109 ;;
   110 ;;Main: autosize = 0, tempsize = 0, incstack = 0, save=0
   111 ;;
   112 ;; *************** function _main *****************
   113 ;; Defined at:
   114 ;;		line 7 in file "EX08.c"
   115 ;; Parameters:    Size  Location     Type
   116 ;;		None
   117 ;; Auto vars:     Size  Location     Type
   118 ;;		None
   119 ;; Return value:  Size  Location     Type
   120 ;;                  1    wreg      void 
   121 ;; Registers used:
   122 ;;		wreg, status,2, status,0, cstack
   123 ;; Tracked objects:
   124 ;;		On entry : 0/0
   125 ;;		On exit  : 0/0
   126 ;;		Unchanged: 0/0
   127 ;; Data sizes:     COMRAM   BANK0   BANK1   BANK2   BANK3   BANK4   BANK5
   128 ;;      Params:         0       0       0       0       0       0       0
   129 ;;      Locals:         0       0       0       0       0       0       0
   130 ;;      Temps:          0       0       0       0       0       0       0
   131 ;;      Totals:         0       0       0       0       0       0       0
   132 ;;Total ram usage:        0 bytes
   133 ;; Hardware stack levels required when called:    3
   134 ;; This function calls:
   135 ;;		_lcd_envia_byte
   136 ;;		_lcd_ini
   137 ;; This function is called by:
   138 ;;		Startup code after reset
   139 ;; This function uses a non-reentrant model
   140 ;;
   141                           
   142                           	psect	text0
   143  007F1A                     __ptext0:
   144                           	opt callstack 0
   145  007F1A                     _main:
   146                           	opt callstack 28
   147                           
   148                           ;EX08.c: 9:     ADCON1 = 0x0F;
   149                           
   150                           ;incstack = 0
   151  007F1A  0E0F               	movlw	15
   152  007F1C  6EC1               	movwf	4033,c	;volatile
   153                           
   154                           ;EX08.c: 11:     lcd_ini();
   155  007F1E  ECD3  F03E         	call	_lcd_ini	;wreg free
   156                           
   157                           ;EX08.c: 15:     lcd_envia_byte(0, 0x83);
   158  007F22  0E83               	movlw	131
   159  007F24  6E05               	movwf	lcd_envia_byte@dado,c
   160  007F26  0E00               	movlw	0
   161  007F28  ECC4  F03E         	call	_lcd_envia_byte
   162                           
   163                           ;EX08.c: 17:     lcd_envia_byte(1, 'P');
   164  007F2C  0E50               	movlw	80
   165  007F2E  6E05               	movwf	lcd_envia_byte@dado,c
   166  007F30  0E01               	movlw	1
   167  007F32  ECC4  F03E         	call	_lcd_envia_byte
   168                           
   169                           ;EX08.c: 18:     lcd_envia_byte(1, 'I');
   170  007F36  0E49               	movlw	73
   171  007F38  6E05               	movwf	lcd_envia_byte@dado,c
   172  007F3A  0E01               	movlw	1
   173  007F3C  ECC4  F03E         	call	_lcd_envia_byte
   174                           
   175                           ;EX08.c: 19:     lcd_envia_byte(1, 'C');
   176  007F40  0E43               	movlw	67
   177  007F42  6E05               	movwf	lcd_envia_byte@dado,c
   178  007F44  0E01               	movlw	1
   179  007F46  ECC4  F03E         	call	_lcd_envia_byte
   180                           
   181                           ;EX08.c: 20:     lcd_envia_byte(1, '1');
   182  007F4A  0E31               	movlw	49
   183  007F4C  6E05               	movwf	lcd_envia_byte@dado,c
   184  007F4E  0E01               	movlw	1
   185  007F50  ECC4  F03E         	call	_lcd_envia_byte
   186                           
   187                           ;EX08.c: 21:     lcd_envia_byte(1, '8');
   188  007F54  0E38               	movlw	56
   189  007F56  6E05               	movwf	lcd_envia_byte@dado,c
   190  007F58  0E01               	movlw	1
   191  007F5A  ECC4  F03E         	call	_lcd_envia_byte
   192                           
   193                           ;EX08.c: 22:     lcd_envia_byte(1, 'F');
   194  007F5E  0E46               	movlw	70
   195  007F60  6E05               	movwf	lcd_envia_byte@dado,c
   196  007F62  0E01               	movlw	1
   197  007F64  ECC4  F03E         	call	_lcd_envia_byte
   198                           
   199                           ;EX08.c: 23:     lcd_envia_byte(1, '4');
   200  007F68  0E34               	movlw	52
   201  007F6A  6E05               	movwf	lcd_envia_byte@dado,c
   202  007F6C  0E01               	movlw	1
   203  007F6E  ECC4  F03E         	call	_lcd_envia_byte
   204                           
   205                           ;EX08.c: 24:     lcd_envia_byte(1, '5');
   206  007F72  0E35               	movlw	53
   207  007F74  6E05               	movwf	lcd_envia_byte@dado,c
   208  007F76  0E01               	movlw	1
   209  007F78  ECC4  F03E         	call	_lcd_envia_byte
   210                           
   211                           ;EX08.c: 25:     lcd_envia_byte(1, '2');
   212  007F7C  0E32               	movlw	50
   213  007F7E  6E05               	movwf	lcd_envia_byte@dado,c
   214  007F80  0E01               	movlw	1
   215  007F82  ECC4  F03E         	call	_lcd_envia_byte
   216                           
   217                           ;EX08.c: 26:     lcd_envia_byte(1, '0');
   218  007F86  0E30               	movlw	48
   219  007F88  6E05               	movwf	lcd_envia_byte@dado,c
   220  007F8A  0E01               	movlw	1
   221  007F8C  ECC4  F03E         	call	_lcd_envia_byte
   222                           
   223                           ;EX08.c: 29:     lcd_envia_byte(0, 0xC3);
   224  007F90  0EC3               	movlw	195
   225  007F92  6E05               	movwf	lcd_envia_byte@dado,c
   226  007F94  0E00               	movlw	0
   227  007F96  ECC4  F03E         	call	_lcd_envia_byte
   228                           
   229                           ;EX08.c: 33:     lcd_envia_byte(1, 'L');
   230  007F9A  0E4C               	movlw	76
   231  007F9C  6E05               	movwf	lcd_envia_byte@dado,c
   232  007F9E  0E01               	movlw	1
   233  007FA0  ECC4  F03E         	call	_lcd_envia_byte
   234                           
   235                           ;EX08.c: 34:     lcd_envia_byte(1, 'C');
   236  007FA4  0E43               	movlw	67
   237  007FA6  6E05               	movwf	lcd_envia_byte@dado,c
   238  007FA8  0E01               	movlw	1
   239  007FAA  ECC4  F03E         	call	_lcd_envia_byte
   240                           
   241                           ;EX08.c: 35:     lcd_envia_byte(1, 'D');
   242  007FAE  0E44               	movlw	68
   243  007FB0  6E05               	movwf	lcd_envia_byte@dado,c
   244  007FB2  0E01               	movlw	1
   245  007FB4  ECC4  F03E         	call	_lcd_envia_byte
   246                           
   247                           ;EX08.c: 36:     lcd_envia_byte(1, ' ');
   248  007FB8  0E20               	movlw	32
   249  007FBA  6E05               	movwf	lcd_envia_byte@dado,c
   250  007FBC  0E01               	movlw	1
   251  007FBE  ECC4  F03E         	call	_lcd_envia_byte
   252                           
   253                           ;EX08.c: 37:     lcd_envia_byte(1, '4');
   254  007FC2  0E34               	movlw	52
   255  007FC4  6E05               	movwf	lcd_envia_byte@dado,c
   256  007FC6  0E01               	movlw	1
   257  007FC8  ECC4  F03E         	call	_lcd_envia_byte
   258                           
   259                           ;EX08.c: 38:     lcd_envia_byte(1, ' ');
   260  007FCC  0E20               	movlw	32
   261  007FCE  6E05               	movwf	lcd_envia_byte@dado,c
   262  007FD0  0E01               	movlw	1
   263  007FD2  ECC4  F03E         	call	_lcd_envia_byte
   264                           
   265                           ;EX08.c: 39:     lcd_envia_byte(1, 'B');
   266  007FD6  0E42               	movlw	66
   267  007FD8  6E05               	movwf	lcd_envia_byte@dado,c
   268  007FDA  0E01               	movlw	1
   269  007FDC  ECC4  F03E         	call	_lcd_envia_byte
   270                           
   271                           ;EX08.c: 40:     lcd_envia_byte(1, 'I');
   272  007FE0  0E49               	movlw	73
   273  007FE2  6E05               	movwf	lcd_envia_byte@dado,c
   274  007FE4  0E01               	movlw	1
   275  007FE6  ECC4  F03E         	call	_lcd_envia_byte
   276                           
   277                           ;EX08.c: 41:     lcd_envia_byte(1, 'T');
   278  007FEA  0E54               	movlw	84
   279  007FEC  6E05               	movwf	lcd_envia_byte@dado,c
   280  007FEE  0E01               	movlw	1
   281  007FF0  ECC4  F03E         	call	_lcd_envia_byte
   282                           
   283                           ;EX08.c: 42:     lcd_envia_byte(1, 'S');
   284  007FF4  0E53               	movlw	83
   285  007FF6  6E05               	movwf	lcd_envia_byte@dado,c
   286  007FF8  0E01               	movlw	1
   287  007FFA  ECC4  F03E         	call	_lcd_envia_byte
   288  007FFE                     l11:
   289  007FFE  D7FF               	goto	l11
   290  008000                     __end_of_main:
   291                           	opt callstack 0
   292                           
   293 ;; *************** function _lcd_ini *****************
   294 ;; Defined at:
   295 ;;		line 3 in file "../Bibliotecas/LCD4bits.c"
   296 ;; Parameters:    Size  Location     Type
   297 ;;		None
   298 ;; Auto vars:     Size  Location     Type
   299 ;;  i               1    5[COMRAM] unsigned char 
   300 ;; Return value:  Size  Location     Type
   301 ;;                  1    wreg      void 
   302 ;; Registers used:
   303 ;;		wreg, status,2, status,0, cstack
   304 ;; Tracked objects:
   305 ;;		On entry : 0/0
   306 ;;		On exit  : 0/0
   307 ;;		Unchanged: 0/0
   308 ;; Data sizes:     COMRAM   BANK0   BANK1   BANK2   BANK3   BANK4   BANK5
   309 ;;      Params:         0       0       0       0       0       0       0
   310 ;;      Locals:         1       0       0       0       0       0       0
   311 ;;      Temps:          1       0       0       0       0       0       0
   312 ;;      Totals:         2       0       0       0       0       0       0
   313 ;;Total ram usage:        2 bytes
   314 ;; Hardware stack levels used:    1
   315 ;; Hardware stack levels required when called:    2
   316 ;; This function calls:
   317 ;;		_lcd_cmd
   318 ;; This function is called by:
   319 ;;		_main
   320 ;; This function uses a non-reentrant model
   321 ;;
   322                           
   323                           	psect	text1
   324  007DA6                     __ptext1:
   325                           	opt callstack 0
   326  007DA6                     _lcd_ini:
   327                           	opt callstack 28
   328                           
   329                           ;../Bibliotecas/LCD4bits.c: 5:     char i;;../Bibliotecas/LCD4bits.c: 7:    TRISD = 0b00
      +                          000000;
   330                           
   331                           ;incstack = 0
   332  007DA6  0E00               	movlw	0
   333  007DA8  6E95               	movwf	3989,c	;volatile
   334                           
   335                           ;../Bibliotecas/LCD4bits.c: 8:    TRISEbits.TRISE0 = 0;
   336  007DAA  9096               	bcf	3990,0,c	;volatile
   337                           
   338                           ;../Bibliotecas/LCD4bits.c: 9:    TRISEbits.TRISE1 = 0;
   339  007DAC  9296               	bcf	3990,1,c	;volatile
   340                           
   341                           ;../Bibliotecas/LCD4bits.c: 11:    LATD = 0b00000000;
   342  007DAE  0E00               	movlw	0
   343  007DB0  6E8C               	movwf	3980,c	;volatile
   344                           
   345                           ;../Bibliotecas/LCD4bits.c: 12:    LATEbits.LATE0 = 0;
   346  007DB2  908D               	bcf	3981,0,c	;volatile
   347                           
   348                           ;../Bibliotecas/LCD4bits.c: 13:    LATEbits.LATE1 = 0;
   349  007DB4  928D               	bcf	3981,1,c	;volatile
   350                           
   351                           ;../Bibliotecas/LCD4bits.c: 15:    _delay((unsigned long)((15)*(8000000/4000.0)));
   352  007DB6  0E27               	movlw	39
   353  007DB8  6E05               	movwf	??_lcd_ini& (0+255),c
   354  007DBA  0EF5               	movlw	245
   355  007DBC                     u137:
   356  007DBC  2EE8               	decfsz	wreg,f,c
   357  007DBE  D7FE               	bra	u137
   358  007DC0  2E05               	decfsz	??_lcd_ini& (0+255),f,c
   359  007DC2  D7FC               	bra	u137
   360  007DC4  F000               	nop	
   361                           
   362                           ;../Bibliotecas/LCD4bits.c: 17:    for(i = 0; i < 3; i++)
   363  007DC6  0E00               	movlw	0
   364  007DC8  6E06               	movwf	lcd_ini@i,c
   365  007DCA                     l923:
   366                           
   367                           ;../Bibliotecas/LCD4bits.c: 18:    {;../Bibliotecas/LCD4bits.c: 19:        lcd_cmd(0x30)
      +                          ;
   368  007DCA  0E30               	movlw	48
   369  007DCC  EC1B  F03F         	call	_lcd_cmd
   370                           
   371                           ;../Bibliotecas/LCD4bits.c: 20:        _delay((unsigned long)((5)*(8000000/4000.0)));
   372  007DD0  0E0D               	movlw	13
   373  007DD2  6E05               	movwf	??_lcd_ini& (0+255),c
   374  007DD4  0EFC               	movlw	252
   375  007DD6                     u147:
   376  007DD6  2EE8               	decfsz	wreg,f,c
   377  007DD8  D7FE               	bra	u147
   378  007DDA  2E05               	decfsz	??_lcd_ini& (0+255),f,c
   379  007DDC  D7FC               	bra	u147
   380                           
   381                           ;../Bibliotecas/LCD4bits.c: 21:    }
   382  007DDE  2A06               	incf	lcd_ini@i,f,c
   383  007DE0  0E02               	movlw	2
   384  007DE2  6406               	cpfsgt	lcd_ini@i,c
   385  007DE4  D7F2               	goto	l923
   386                           
   387                           ;../Bibliotecas/LCD4bits.c: 22:    lcd_cmd(0x02);
   388  007DE6  0E02               	movlw	2
   389  007DE8  EC1B  F03F         	call	_lcd_cmd
   390                           
   391                           ;../Bibliotecas/LCD4bits.c: 23:    _delay((unsigned long)((40)*(8000000/4000000.0)));
   392  007DEC  0E1A               	movlw	26
   393  007DEE                     u157:
   394  007DEE  2EE8               	decfsz	wreg,f,c
   395  007DF0  D7FE               	bra	u157
   396  007DF2  D000               	nop2	
   397                           
   398                           ;../Bibliotecas/LCD4bits.c: 24:    lcd_cmd(0x28);
   399  007DF4  0E28               	movlw	40
   400  007DF6  EC1B  F03F         	call	_lcd_cmd
   401                           
   402                           ;../Bibliotecas/LCD4bits.c: 25:    _delay((unsigned long)((40)*(8000000/4000000.0)));
   403  007DFA  0E1A               	movlw	26
   404  007DFC                     u167:
   405  007DFC  2EE8               	decfsz	wreg,f,c
   406  007DFE  D7FE               	bra	u167
   407  007E00  D000               	nop2	
   408                           
   409                           ;../Bibliotecas/LCD4bits.c: 26:    lcd_cmd(0x01);
   410  007E02  0E01               	movlw	1
   411  007E04  EC1B  F03F         	call	_lcd_cmd
   412                           
   413                           ;../Bibliotecas/LCD4bits.c: 27:    _delay((unsigned long)((2)*(8000000/4000.0)));
   414  007E08  0E06               	movlw	6
   415  007E0A  6E05               	movwf	??_lcd_ini& (0+255),c
   416  007E0C  0E30               	movlw	48
   417  007E0E                     u177:
   418  007E0E  2EE8               	decfsz	wreg,f,c
   419  007E10  D7FE               	bra	u177
   420  007E12  2E05               	decfsz	??_lcd_ini& (0+255),f,c
   421  007E14  D7FC               	bra	u177
   422  007E16  D000               	nop2	
   423                           
   424                           ;../Bibliotecas/LCD4bits.c: 28:    lcd_cmd(0x0C);
   425  007E18  0E0C               	movlw	12
   426  007E1A  EC1B  F03F         	call	_lcd_cmd
   427                           
   428                           ;../Bibliotecas/LCD4bits.c: 29:    _delay((unsigned long)((40)*(8000000/4000000.0)));
   429  007E1E  0E1A               	movlw	26
   430  007E20                     u187:
   431  007E20  2EE8               	decfsz	wreg,f,c
   432  007E22  D7FE               	bra	u187
   433  007E24  D000               	nop2	
   434                           
   435                           ;../Bibliotecas/LCD4bits.c: 30:    lcd_cmd(0x06);
   436  007E26  0E06               	movlw	6
   437  007E28  EC1B  F03F         	call	_lcd_cmd
   438                           
   439                           ;../Bibliotecas/LCD4bits.c: 31:    _delay((unsigned long)((40)*(8000000/4000000.0)));
   440  007E2C  0E1A               	movlw	26
   441  007E2E                     u197:
   442  007E2E  2EE8               	decfsz	wreg,f,c
   443  007E30  D7FE               	bra	u197
   444  007E32  D000               	nop2	
   445  007E34  0012               	return		;funcret
   446  007E36                     __end_of_lcd_ini:
   447                           	opt callstack 0
   448                           
   449 ;; *************** function _lcd_envia_byte *****************
   450 ;; Defined at:
   451 ;;		line 66 in file "../Bibliotecas/LCD4bits.c"
   452 ;; Parameters:    Size  Location     Type
   453 ;;  nivel           1    wreg     unsigned char 
   454 ;;  dado            1    4[COMRAM] unsigned char 
   455 ;; Auto vars:     Size  Location     Type
   456 ;;  nivel           1    5[COMRAM] unsigned char 
   457 ;; Return value:  Size  Location     Type
   458 ;;                  1    wreg      void 
   459 ;; Registers used:
   460 ;;		wreg, status,2, status,0, cstack
   461 ;; Tracked objects:
   462 ;;		On entry : 0/0
   463 ;;		On exit  : 0/0
   464 ;;		Unchanged: 0/0
   465 ;; Data sizes:     COMRAM   BANK0   BANK1   BANK2   BANK3   BANK4   BANK5
   466 ;;      Params:         1       0       0       0       0       0       0
   467 ;;      Locals:         1       0       0       0       0       0       0
   468 ;;      Temps:          0       0       0       0       0       0       0
   469 ;;      Totals:         2       0       0       0       0       0       0
   470 ;;Total ram usage:        2 bytes
   471 ;; Hardware stack levels used:    1
   472 ;; Hardware stack levels required when called:    2
   473 ;; This function calls:
   474 ;;		_lcd_cmd
   475 ;; This function is called by:
   476 ;;		_main
   477 ;;		_lcd_escreve_bf
   478 ;; This function uses a non-reentrant model
   479 ;;
   480                           
   481                           	psect	text2
   482  007D88                     __ptext2:
   483                           	opt callstack 0
   484  007D88                     _lcd_envia_byte:
   485                           	opt callstack 28
   486                           
   487                           ;incstack = 0
   488                           ;lcd_envia_byte@nivel stored from wreg
   489  007D88  6E06               	movwf	lcd_envia_byte@nivel,c
   490                           
   491                           ;../Bibliotecas/LCD4bits.c: 66: void lcd_envia_byte(char nivel, char dado);../Biblioteca
      +                          s/LCD4bits.c: 67: {;../Bibliotecas/LCD4bits.c: 68:     LATEbits.LATE0 = nivel;
   492  007D8A  B006               	btfsc	lcd_envia_byte@nivel,0,c
   493  007D8C  D002               	bra	u95
   494  007D8E  908D               	bcf	3981,0,c	;volatile
   495  007D90  D001               	bra	u96
   496  007D92                     u95:
   497  007D92  808D               	bsf	3981,0,c	;volatile
   498  007D94                     u96:
   499                           
   500                           ;../Bibliotecas/LCD4bits.c: 69:     _delay((unsigned long)((100)*(8000000/4000000.0)));
   501  007D94  0E42               	movlw	66
   502  007D96                     u207:
   503  007D96  2EE8               	decfsz	wreg,f,c
   504  007D98  D7FE               	bra	u207
   505  007D9A  D000               	nop2	
   506                           
   507                           ;../Bibliotecas/LCD4bits.c: 70:     LATEbits.LATE1 = 0;
   508  007D9C  928D               	bcf	3981,1,c	;volatile
   509                           
   510                           ;../Bibliotecas/LCD4bits.c: 71:     lcd_cmd(dado);
   511  007D9E  5005               	movf	lcd_envia_byte@dado,w,c
   512  007DA0  EC1B  F03F         	call	_lcd_cmd
   513  007DA4  0012               	return		;funcret
   514  007DA6                     __end_of_lcd_envia_byte:
   515                           	opt callstack 0
   516                           
   517 ;; *************** function _lcd_cmd *****************
   518 ;; Defined at:
   519 ;;		line 45 in file "../Bibliotecas/LCD4bits.c"
   520 ;; Parameters:    Size  Location     Type
   521 ;;  cmd             1    wreg     unsigned char 
   522 ;; Auto vars:     Size  Location     Type
   523 ;;  cmd             1    3[COMRAM] unsigned char 
   524 ;; Return value:  Size  Location     Type
   525 ;;                  1    wreg      void 
   526 ;; Registers used:
   527 ;;		wreg, status,2, status,0, cstack
   528 ;; Tracked objects:
   529 ;;		On entry : 0/0
   530 ;;		On exit  : 0/0
   531 ;;		Unchanged: 0/0
   532 ;; Data sizes:     COMRAM   BANK0   BANK1   BANK2   BANK3   BANK4   BANK5
   533 ;;      Params:         0       0       0       0       0       0       0
   534 ;;      Locals:         1       0       0       0       0       0       0
   535 ;;      Temps:          1       0       0       0       0       0       0
   536 ;;      Totals:         2       0       0       0       0       0       0
   537 ;;Total ram usage:        2 bytes
   538 ;; Hardware stack levels used:    1
   539 ;; Hardware stack levels required when called:    1
   540 ;; This function calls:
   541 ;;		_set_bit
   542 ;; This function is called by:
   543 ;;		_lcd_ini
   544 ;;		_lcd_envia_byte
   545 ;; This function uses a non-reentrant model
   546 ;;
   547                           
   548                           	psect	text3
   549  007E36                     __ptext3:
   550                           	opt callstack 0
   551  007E36                     _lcd_cmd:
   552                           	opt callstack 28
   553                           
   554                           ;incstack = 0
   555                           ;lcd_cmd@cmd stored from wreg
   556  007E36  6E04               	movwf	lcd_cmd@cmd,c
   557                           
   558                           ;../Bibliotecas/LCD4bits.c: 45: void lcd_cmd(char cmd);../Bibliotecas/LCD4bits.c: 46: {;
      +                          ../Bibliotecas/LCD4bits.c: 47:     LATDbits.LATD4 = set_bit(cmd, 0b00010000);
   559  007E38  0E10               	movlw	16
   560  007E3A  6E01               	movwf	set_bit@comp,c
   561  007E3C  5004               	movf	lcd_cmd@cmd,w,c
   562  007E3E  ECBA  F03E         	call	_set_bit
   563  007E42  6E03               	movwf	??_lcd_cmd& (0+255),c
   564  007E44  3A03               	swapf	??_lcd_cmd,f,c
   565  007E46  508C               	movf	3980,w,c	;volatile
   566  007E48  1803               	xorwf	??_lcd_cmd,w,c
   567  007E4A  0BEF               	andlw	-17
   568  007E4C  1803               	xorwf	??_lcd_cmd,w,c
   569  007E4E  6E8C               	movwf	3980,c	;volatile
   570                           
   571                           ;../Bibliotecas/LCD4bits.c: 48:     LATDbits.LATD5 = set_bit(cmd, 0b00100000);
   572  007E50  0E20               	movlw	32
   573  007E52  6E01               	movwf	set_bit@comp,c
   574  007E54  5004               	movf	lcd_cmd@cmd,w,c
   575  007E56  ECBA  F03E         	call	_set_bit
   576  007E5A  6E03               	movwf	??_lcd_cmd& (0+255),c
   577  007E5C  3A03               	swapf	??_lcd_cmd,f,c
   578  007E5E  4603               	rlncf	??_lcd_cmd,f,c
   579  007E60  508C               	movf	3980,w,c	;volatile
   580  007E62  1803               	xorwf	??_lcd_cmd,w,c
   581  007E64  0BDF               	andlw	-33
   582  007E66  1803               	xorwf	??_lcd_cmd,w,c
   583  007E68  6E8C               	movwf	3980,c	;volatile
   584                           
   585                           ;../Bibliotecas/LCD4bits.c: 49:     LATDbits.LATD6 = set_bit(cmd, 0b01000000);
   586  007E6A  0E40               	movlw	64
   587  007E6C  6E01               	movwf	set_bit@comp,c
   588  007E6E  5004               	movf	lcd_cmd@cmd,w,c
   589  007E70  ECBA  F03E         	call	_set_bit
   590  007E74  6E03               	movwf	??_lcd_cmd& (0+255),c
   591  007E76  3A03               	swapf	??_lcd_cmd,f,c
   592  007E78  4603               	rlncf	??_lcd_cmd,f,c
   593  007E7A  4603               	rlncf	??_lcd_cmd,f,c
   594  007E7C  508C               	movf	3980,w,c	;volatile
   595  007E7E  1803               	xorwf	??_lcd_cmd,w,c
   596  007E80  0BBF               	andlw	-65
   597  007E82  1803               	xorwf	??_lcd_cmd,w,c
   598  007E84  6E8C               	movwf	3980,c	;volatile
   599                           
   600                           ;../Bibliotecas/LCD4bits.c: 50:     LATDbits.LATD7 = set_bit(cmd, 0b10000000);
   601  007E86  0E80               	movlw	128
   602  007E88  6E01               	movwf	set_bit@comp,c
   603  007E8A  5004               	movf	lcd_cmd@cmd,w,c
   604  007E8C  ECBA  F03E         	call	_set_bit
   605  007E90  6E03               	movwf	??_lcd_cmd& (0+255),c
   606  007E92  3203               	rrcf	??_lcd_cmd,f,c
   607  007E94  3203               	rrcf	??_lcd_cmd,f,c
   608  007E96  508C               	movf	3980,w,c	;volatile
   609  007E98  1803               	xorwf	??_lcd_cmd,w,c
   610  007E9A  0B7F               	andlw	-129
   611  007E9C  1803               	xorwf	??_lcd_cmd,w,c
   612  007E9E  6E8C               	movwf	3980,c	;volatile
   613                           
   614                           ;../Bibliotecas/LCD4bits.c: 52:     LATEbits.LATE1 = 1;
   615  007EA0  828D               	bsf	3981,1,c	;volatile
   616                           
   617                           ;../Bibliotecas/LCD4bits.c: 53:     LATEbits.LATE1 = 0;
   618  007EA2  928D               	bcf	3981,1,c	;volatile
   619                           
   620                           ;../Bibliotecas/LCD4bits.c: 55:     _delay((unsigned long)((100)*(8000000/4000000.0)));
   621  007EA4  0E42               	movlw	66
   622  007EA6                     u217:
   623  007EA6  2EE8               	decfsz	wreg,f,c
   624  007EA8  D7FE               	bra	u217
   625  007EAA  D000               	nop2	
   626                           
   627                           ;../Bibliotecas/LCD4bits.c: 57:     LATDbits.LATD4 = set_bit(cmd, 0b00000001);
   628  007EAC  0E01               	movlw	1
   629  007EAE  6E01               	movwf	set_bit@comp,c
   630  007EB0  5004               	movf	lcd_cmd@cmd,w,c
   631  007EB2  ECBA  F03E         	call	_set_bit
   632  007EB6  6E03               	movwf	??_lcd_cmd& (0+255),c
   633  007EB8  3A03               	swapf	??_lcd_cmd,f,c
   634  007EBA  508C               	movf	3980,w,c	;volatile
   635  007EBC  1803               	xorwf	??_lcd_cmd,w,c
   636  007EBE  0BEF               	andlw	-17
   637  007EC0  1803               	xorwf	??_lcd_cmd,w,c
   638  007EC2  6E8C               	movwf	3980,c	;volatile
   639                           
   640                           ;../Bibliotecas/LCD4bits.c: 58:     LATDbits.LATD5 = set_bit(cmd, 0b00000010);
   641  007EC4  0E02               	movlw	2
   642  007EC6  6E01               	movwf	set_bit@comp,c
   643  007EC8  5004               	movf	lcd_cmd@cmd,w,c
   644  007ECA  ECBA  F03E         	call	_set_bit
   645  007ECE  6E03               	movwf	??_lcd_cmd& (0+255),c
   646  007ED0  3A03               	swapf	??_lcd_cmd,f,c
   647  007ED2  4603               	rlncf	??_lcd_cmd,f,c
   648  007ED4  508C               	movf	3980,w,c	;volatile
   649  007ED6  1803               	xorwf	??_lcd_cmd,w,c
   650  007ED8  0BDF               	andlw	-33
   651  007EDA  1803               	xorwf	??_lcd_cmd,w,c
   652  007EDC  6E8C               	movwf	3980,c	;volatile
   653                           
   654                           ;../Bibliotecas/LCD4bits.c: 59:     LATDbits.LATD6 = set_bit(cmd, 0b00000100);
   655  007EDE  0E04               	movlw	4
   656  007EE0  6E01               	movwf	set_bit@comp,c
   657  007EE2  5004               	movf	lcd_cmd@cmd,w,c
   658  007EE4  ECBA  F03E         	call	_set_bit
   659  007EE8  6E03               	movwf	??_lcd_cmd& (0+255),c
   660  007EEA  3A03               	swapf	??_lcd_cmd,f,c
   661  007EEC  4603               	rlncf	??_lcd_cmd,f,c
   662  007EEE  4603               	rlncf	??_lcd_cmd,f,c
   663  007EF0  508C               	movf	3980,w,c	;volatile
   664  007EF2  1803               	xorwf	??_lcd_cmd,w,c
   665  007EF4  0BBF               	andlw	-65
   666  007EF6  1803               	xorwf	??_lcd_cmd,w,c
   667  007EF8  6E8C               	movwf	3980,c	;volatile
   668                           
   669                           ;../Bibliotecas/LCD4bits.c: 60:     LATDbits.LATD7 = set_bit(cmd, 0b00001000);
   670  007EFA  0E08               	movlw	8
   671  007EFC  6E01               	movwf	set_bit@comp,c
   672  007EFE  5004               	movf	lcd_cmd@cmd,w,c
   673  007F00  ECBA  F03E         	call	_set_bit
   674  007F04  6E03               	movwf	??_lcd_cmd& (0+255),c
   675  007F06  3203               	rrcf	??_lcd_cmd,f,c
   676  007F08  3203               	rrcf	??_lcd_cmd,f,c
   677  007F0A  508C               	movf	3980,w,c	;volatile
   678  007F0C  1803               	xorwf	??_lcd_cmd,w,c
   679  007F0E  0B7F               	andlw	-129
   680  007F10  1803               	xorwf	??_lcd_cmd,w,c
   681  007F12  6E8C               	movwf	3980,c	;volatile
   682                           
   683                           ;../Bibliotecas/LCD4bits.c: 62:     LATEbits.LATE1 = 1;
   684  007F14  828D               	bsf	3981,1,c	;volatile
   685                           
   686                           ;../Bibliotecas/LCD4bits.c: 63:     LATEbits.LATE1 = 0;
   687  007F16  928D               	bcf	3981,1,c	;volatile
   688  007F18  0012               	return		;funcret
   689  007F1A                     __end_of_lcd_cmd:
   690                           	opt callstack 0
   691                           
   692 ;; *************** function _set_bit *****************
   693 ;; Defined at:
   694 ;;		line 34 in file "../Bibliotecas/LCD4bits.c"
   695 ;; Parameters:    Size  Location     Type
   696 ;;  cmd             1    wreg     unsigned char 
   697 ;;  comp            1    0[COMRAM] unsigned char 
   698 ;; Auto vars:     Size  Location     Type
   699 ;;  cmd             1    1[COMRAM] unsigned char 
   700 ;; Return value:  Size  Location     Type
   701 ;;                  1    wreg      unsigned char 
   702 ;; Registers used:
   703 ;;		wreg, status,2, status,0
   704 ;; Tracked objects:
   705 ;;		On entry : 0/0
   706 ;;		On exit  : 0/0
   707 ;;		Unchanged: 0/0
   708 ;; Data sizes:     COMRAM   BANK0   BANK1   BANK2   BANK3   BANK4   BANK5
   709 ;;      Params:         1       0       0       0       0       0       0
   710 ;;      Locals:         1       0       0       0       0       0       0
   711 ;;      Temps:          0       0       0       0       0       0       0
   712 ;;      Totals:         2       0       0       0       0       0       0
   713 ;;Total ram usage:        2 bytes
   714 ;; Hardware stack levels used:    1
   715 ;; This function calls:
   716 ;;		Nothing
   717 ;; This function is called by:
   718 ;;		_lcd_cmd
   719 ;; This function uses a non-reentrant model
   720 ;;
   721                           
   722                           	psect	text4
   723  007D74                     __ptext4:
   724                           	opt callstack 0
   725  007D74                     _set_bit:
   726                           	opt callstack 28
   727                           
   728                           ;incstack = 0
   729                           ;set_bit@cmd stored from wreg
   730  007D74  6E02               	movwf	set_bit@cmd,c
   731                           
   732                           ;../Bibliotecas/LCD4bits.c: 34: char set_bit(char cmd, char comp);../Bibliotecas/LCD4bit
      +                          s.c: 35: {;../Bibliotecas/LCD4bits.c: 36:     if ((cmd & comp) >= 1)
   733  007D76  5002               	movf	set_bit@cmd,w,c
   734  007D78  1401               	andwf	set_bit@comp,w,c
   735  007D7A  0900               	iorlw	0
   736  007D7C  B4D8               	btfsc	status,2,c
   737  007D7E  D002               	goto	l881
   738                           
   739                           ;../Bibliotecas/LCD4bits.c: 37:         return 1;
   740  007D80  0E01               	movlw	1
   741  007D82  0012               	return	
   742  007D84                     l881:
   743                           
   744                           ;../Bibliotecas/LCD4bits.c: 39:         return 0;
   745  007D84  0E00               	movlw	0
   746  007D86  0012               	return		;funcret
   747  007D88                     __end_of_set_bit:
   748                           	opt callstack 0
   749  0000                     
   750                           	psect	rparam
   751  0000                     tosu	equ	0xFFF
   752                           tosh	equ	0xFFE
   753                           tosl	equ	0xFFD
   754                           stkptr	equ	0xFFC
   755                           pclatu	equ	0xFFB
   756                           pclath	equ	0xFFA
   757                           pcl	equ	0xFF9
   758                           tblptru	equ	0xFF8
   759                           tblptrh	equ	0xFF7
   760                           tblptrl	equ	0xFF6
   761                           tablat	equ	0xFF5
   762                           prodh	equ	0xFF4
   763                           prodl	equ	0xFF3
   764                           indf0	equ	0xFEF
   765                           postinc0	equ	0xFEE
   766                           postdec0	equ	0xFED
   767                           preinc0	equ	0xFEC
   768                           plusw0	equ	0xFEB
   769                           fsr0h	equ	0xFEA
   770                           fsr0l	equ	0xFE9
   771                           wreg	equ	0xFE8
   772                           indf1	equ	0xFE7
   773                           postinc1	equ	0xFE6
   774                           postdec1	equ	0xFE5
   775                           preinc1	equ	0xFE4
   776                           plusw1	equ	0xFE3
   777                           fsr1h	equ	0xFE2
   778                           fsr1l	equ	0xFE1
   779                           bsr	equ	0xFE0
   780                           indf2	equ	0xFDF
   781                           postinc2	equ	0xFDE
   782                           postdec2	equ	0xFDD
   783                           preinc2	equ	0xFDC
   784                           plusw2	equ	0xFDB
   785                           fsr2h	equ	0xFDA
   786                           fsr2l	equ	0xFD9
   787                           status	equ	0xFD8


Data Sizes:
    Strings     0
    Constant    0
    Data        0
    BSS         0
    Persistent  0
    Stack       0

Auto Spaces:
    Space          Size  Autos    Used
    COMRAM          127      6       6
    BANK0           128      0       0
    BANK1           256      0       0
    BANK2           256      0       0
    BANK3           256      0       0
    BANK4           256      0       0
    BANK5           256      0       0

Pointer List with Targets:

    None.

Critical Paths under _main in COMRAM

    _main->_lcd_envia_byte
    _main->_lcd_ini
    _lcd_ini->_lcd_cmd
    _lcd_envia_byte->_lcd_cmd
    _lcd_cmd->_set_bit

Critical Paths under _main in BANK0

    None.

Critical Paths under _main in BANK1

    None.

Critical Paths under _main in BANK2

    None.

Critical Paths under _main in BANK3

    None.

Critical Paths under _main in BANK4

    None.

Critical Paths under _main in BANK5

    None.

Call Graph Tables:

 ---------------------------------------------------------------------------------
 (Depth) Function   	        Calls       Base Space   Used Autos Params    Refs
 ---------------------------------------------------------------------------------
 (0) _main                                                 0     0      0    3570
                     _lcd_envia_byte
                            _lcd_ini
 ---------------------------------------------------------------------------------
 (1) _lcd_ini                                              2     2      0     874
                                              4 COMRAM     2     2      0
                            _lcd_cmd
 ---------------------------------------------------------------------------------
 (1) _lcd_envia_byte                                       2     1      1    2696
                                              4 COMRAM     2     1      1
                            _lcd_cmd
 ---------------------------------------------------------------------------------
 (2) _lcd_cmd                                              2     2      0     828
                                              2 COMRAM     2     2      0
                            _set_bit
 ---------------------------------------------------------------------------------
 (3) _set_bit                                              2     1      1     652
                                              0 COMRAM     2     1      1
 ---------------------------------------------------------------------------------
 Estimated maximum stack depth 3
 ---------------------------------------------------------------------------------

 Call Graph Graphs:

 _main (ROOT)
   _lcd_envia_byte
     _lcd_cmd
       _set_bit
   _lcd_ini
     _lcd_cmd
       _set_bit

 Address spaces:
Name               Size   Autos  Total    Cost      Usage
BITCOMRAM           7F      0       0       0        0.0%
EEDATA             100      0       0       0        0.0%
NULL                 0      0       0       0        0.0%
CODE                 0      0       0       0        0.0%
COMRAM              7F      6       6       1        4.7%
STACK                0      0       0       2        0.0%
DATA                 0      0       0       3        0.0%
BITBANK0            80      0       0       4        0.0%
BANK0               80      0       0       5        0.0%
BITBANK1           100      0       0       6        0.0%
BANK1              100      0       0       7        0.0%
BITBANK2           100      0       0       8        0.0%
BANK2              100      0       0       9        0.0%
BITBANK3           100      0       0      10        0.0%
BANK3              100      0       0      11        0.0%
BITBANK4           100      0       0      12        0.0%
BANK4              100      0       0      13        0.0%
BANK5              100      0       0      14        0.0%
ABS                  0      0       0      15        0.0%
BITBANK5           100      0       0      16        0.0%
BIGRAM             5FF      0       0      17        0.0%
BITSFR               0      0       0     200        0.0%
SFR                  0      0       0     200        0.0%


Microchip Technology PIC18 Macro Assembler V2.05 build -831301201 
Symbol Table                                                                                   Sun Jun 23 10:27:59 2019

                     l11 7FFE                       u95 7D92                       u96 7D94  
            __CFG_BORV$3 000000             __CFG_CP0$OFF 000000             __CFG_CP1$OFF 000000  
           __CFG_CP2$OFF 000000             __CFG_CP3$OFF 000000              __CFG_OSC$HS 000000  
                    l923 7DCA                      l881 7D84             __CFG_CPB$OFF 000000  
                    u207 7D96                      u217 7EA6                      u137 7DBC  
                    u147 7DD6                      u157 7DEE                      u167 7DFC  
                    u177 7E0E             __CFG_CPD$OFF 000000                      u187 7E20  
                    u197 7E2E                      wreg 000FE8             __CFG_LVP$OFF 000000  
           __CFG_WDT$OFF 000000                     _LATD 000F8C             __CFG_PWRT$ON 000000  
                   _main 7F1A                     start 0000            __CFG_IESO$OFF 000000  
          __CFG_MCLRE$ON 000000             ___param_bank 000000                    ?_main 0001  
                  _TRISD 000F95            __CFG_WRT0$OFF 000000            __CFG_WRT1$OFF 000000  
          __CFG_WRT2$OFF 000000            __CFG_WRT3$OFF 000000           __CFG_EBTR0$OFF 000000  
         __CFG_FCMEN$OFF 000000           __CFG_EBTR1$OFF 000000           __CFG_EBTR2$OFF 000000  
         __CFG_EBTR3$OFF 000000          __end_of_lcd_cmd 7F1A          __end_of_lcd_ini 7E36  
          __CFG_WRTB$OFF 000000            __CFG_WRTC$OFF 000000            __CFG_WRTD$OFF 000000  
         __CFG_EBTRB$OFF 000000           __CFG_BOREN$OFF 000000          __end_of_set_bit 7D88  
                  status 000FD8          __initialization 7D6E             __end_of_main 8000  
                 ??_main 0007            __activetblptr 000000                   _ADCON1 000FC1  
         __CFG_XINST$OFF 000000           __CFG_STVREN$ON 000000         ??_lcd_envia_byte 0006  
              ??_lcd_cmd 0003                ??_lcd_ini 0005                ??_set_bit 0002  
             __accesstop 0080  __end_of__initialization 7D6E          __CFG_PBADEN$OFF 000000  
          ___rparam_used 000001           __pcstackCOMRAM 0001                  __Hparam 0000  
                __Lparam 0000              set_bit@comp 0001                  __pcinit 7D6E  
                __ramtop 0600                  __ptext0 7F1A                  __ptext1 7DA6  
                __ptext2 7D88                  __ptext3 7E36                  __ptext4 7D74  
                _lcd_cmd 7E36                  _lcd_ini 7DA6                  _set_bit 7D74  
   end_of_initialization 7D6E       lcd_envia_byte@dado 0005                _TRISEbits 000F96  
             lcd_cmd@cmd 0004      start_initialization 7D6E         __CFG_LPT1OSC$OFF 000000  
__size_of_lcd_envia_byte 001E        __CFG_CCP2MX$PORTC 000000                 ?_lcd_cmd 0001  
               ?_lcd_ini 0001                 ?_set_bit 0001               set_bit@cmd 0002  
               _LATDbits 000F8C                 _LATEbits 000F8D         __CFG_WDTPS$32768 000000  
               __Hrparam 0000                 __Lrparam 0000         __size_of_lcd_cmd 00E4  
       __size_of_lcd_ini 0090         __size_of_set_bit 0014           _lcd_envia_byte 7D88  
          __size_of_main 00E6                 lcd_ini@i 0006   __end_of_lcd_envia_byte 7DA6  
    lcd_envia_byte@nivel 0006          ?_lcd_envia_byte 0005  
