

Microchip MPLAB XC8 Assembler V2.05 build -831301201 
                                                                                               Wed Apr 10 20:43:14 2019

Microchip MPLAB XC8 C Compiler v2.05 (Free license) build 20181220022703 Og1 
     1                           	processor	18F4520
     2                           	fnconf	rparam,??,?,0
     3                           	opt	pw 120
     4                           	opt	flic
     5                           	psect	cinit,global,reloc=2,class=CODE,delta=1
     6                           	psect	bitbssCOMRAM,global,bit,class=COMRAM,space=1,delta=1,noexec
     7                           	psect	bssCOMRAM,global,class=COMRAM,space=1,delta=1,noexec
     8                           	psect	cstackCOMRAM,global,class=COMRAM,space=1,delta=1,noexec
     9                           	psect	text0,global,reloc=2,class=CODE,delta=1
    10                           	psect	text1,global,reloc=2,class=CODE,delta=1
    11                           	psect	text2,global,reloc=2,class=CODE,delta=1
    12                           	psect	text3,global,reloc=2,class=CODE,delta=1
    13                           	psect	intsave_regs,global,class=BIGRAM,space=1,delta=1,noexec
    14                           	psect	rparam,global,class=COMRAM,space=1,delta=1,noexec
    15  0000                     
    16                           ; Version 2.05
    17                           ; Generated 20/12/2018 GMT
    18                           ; 
    19                           ; Copyright © 2018, Microchip Technology Inc. and its subsidiaries ("Microchip")
    20                           ; All rights reserved.
    21                           ; 
    22                           ; This software is developed by Microchip Technology Inc. and its subsidiaries ("Microch
      +                          ip").
    23                           ; 
    24                           ; Redistribution and use in source and binary forms, with or without modification, are
    25                           ; permitted provided that the following conditions are met:
    26                           ; 
    27                           ;     1. Redistributions of source code must retain the above copyright notice, this lis
      +                          t of
    28                           ;        conditions and the following disclaimer.
    29                           ; 
    30                           ;     2. Redistributions in binary form must reproduce the above copyright notice, this 
      +                          list
    31                           ;        of conditions and the following disclaimer in the documentation and/or other
    32                           ;        materials provided with the distribution.
    33                           ; 
    34                           ;     3. Microchip's name may not be used to endorse or promote products derived from th
      +                          is
    35                           ;        software without specific prior written permission.
    36                           ; 
    37                           ; THIS SOFTWARE IS PROVIDED BY MICROCHIP "AS IS" AND ANY EXPRESS OR IMPLIED WARRANTIES,
    38                           ; INCLUDING, BUT NOT LIMITED TO, THE IMPLIED WARRANTIES OF MERCHANTABILITY AND FITNESS F
      +                          OR
    39                           ; PURPOSE ARE DISCLAIMED.  IN NO EVENT SHALL MICROCHIP BE LIABLE FOR ANY DIRECT, INDIREC
      +                          T,
    40                           ; INCIDENTAL, SPECIAL, EXEMPLARY, OR CONSEQUENTIAL DAMAGES (INCLUDING BUT NOT LIMITED TO
    41                           ; PROCUREMENT OF SUBSTITUTE GOODS OR SERVICES; LOSS OF USE, DATA OR PROFITS; OR BUSINESS
    42                           ; INTERRUPTION) HOWSOEVER CAUSED AND ON ANY THEORY OF LIABILITY, WHETHER IN CONTRACT, ST
      +                          RICT
    43                           ; LIABILITY, OR TORT (INCLUDING NEGLIGENCE OR OTHERWISE) ARISING IN ANY WAY OUT OF THE U
      +                          SE OF
    44                           ; THIS SOFTWARE, EVEN IF ADVISED OF THE POSSIBILITY OF SUCH DAMAGE.
    45                           ; 
    46                           ; 
    47                           ; Code-generator required, PIC18F4520 Definitions
    48                           ; 
    49                           ; SFR Addresses
    50  0000                     _PORTCbits	set	3970
    51  0000                     _TRISCbits	set	3988
    52  0000                     _LATB	set	3978
    53  0000                     _TRISB	set	3987
    54                           
    55                           ; #config settings
    56  0000                     
    57                           	psect	cinit
    58  007EAA                     __pcinit:
    59                           	opt callstack 0
    60  007EAA                     start_initialization:
    61                           	opt callstack 0
    62  007EAA                     __initialization:
    63                           	opt callstack 0
    64                           
    65                           ; Clear objects allocated to BITCOMRAM (1 bytes)
    66  007EAA  6A09               	clrf	(__pbitbssCOMRAM/(0+8))& (0+255),c
    67                           
    68                           ; Clear objects allocated to COMRAM (4 bytes)
    69  007EAC  6A04               	clrf	(__pbssCOMRAM+3)& (0+255),c
    70  007EAE  6A03               	clrf	(__pbssCOMRAM+2)& (0+255),c
    71  007EB0  6A02               	clrf	(__pbssCOMRAM+1)& (0+255),c
    72  007EB2  6A01               	clrf	__pbssCOMRAM& (0+255),c
    73  007EB4                     end_of_initialization:
    74                           	opt callstack 0
    75  007EB4                     __end_of__initialization:
    76                           	opt callstack 0
    77  007EB4  0100               	movlb	0
    78  007EB6  EFCC  F03F         	goto	_main	;jump to C main() function
    79                           
    80                           	psect	bitbssCOMRAM
    81  000048                     __pbitbssCOMRAM:
    82                           	opt callstack 0
    83  000048                     _run:
    84                           	opt callstack 0
    85  000048                     	ds	1
    86                           
    87                           	psect	bssCOMRAM
    88  000001                     __pbssCOMRAM:
    89                           	opt callstack 0
    90  000001                     _i:
    91                           	opt callstack 0
    92  000001                     	ds	2
    93  000003                     _change:
    94                           	opt callstack 0
    95  000003                     	ds	2
    96                           
    97                           	psect	cstackCOMRAM
    98  000005                     __pcstackCOMRAM:
    99                           	opt callstack 0
   100  000005                     ??_piscaLeds:
   101  000005                     ??_ledsEsq:
   102  000005                     ??_ledsDir:
   103  000005                     
   104                           ; 1 bytes @ 0x0
   105  000005                     	ds	2
   106  000007                     ??_main:
   107                           
   108                           ; 1 bytes @ 0x2
   109  000007                     	ds	2
   110                           
   111 ;;
   112 ;;Main: autosize = 0, tempsize = 2, incstack = 0, save=0
   113 ;;
   114 ;; *************** function _main *****************
   115 ;; Defined at:
   116 ;;		line 16 in file "EX06.c"
   117 ;; Parameters:    Size  Location     Type
   118 ;;		None
   119 ;; Auto vars:     Size  Location     Type
   120 ;;		None
   121 ;; Return value:  Size  Location     Type
   122 ;;                  1    wreg      void 
   123 ;; Registers used:
   124 ;;		wreg, status,2, status,0, cstack
   125 ;; Tracked objects:
   126 ;;		On entry : 0/0
   127 ;;		On exit  : 0/0
   128 ;;		Unchanged: 0/0
   129 ;; Data sizes:     COMRAM   BANK0   BANK1   BANK2   BANK3   BANK4   BANK5
   130 ;;      Params:         0       0       0       0       0       0       0
   131 ;;      Locals:         0       0       0       0       0       0       0
   132 ;;      Temps:          2       0       0       0       0       0       0
   133 ;;      Totals:         2       0       0       0       0       0       0
   134 ;;Total ram usage:        2 bytes
   135 ;; Hardware stack levels required when called:    1
   136 ;; This function calls:
   137 ;;		_ledsDir
   138 ;;		_ledsEsq
   139 ;;		_piscaLeds
   140 ;; This function is called by:
   141 ;;		Startup code after reset
   142 ;; This function uses a non-reentrant model
   143 ;;
   144                           
   145                           	psect	text0
   146  007F98                     __ptext0:
   147                           	opt callstack 0
   148  007F98                     _main:
   149                           	opt callstack 30
   150                           
   151                           ;EX06.c: 18:     TRISB = 0b00000000;
   152                           
   153                           ;incstack = 0
   154  007F98  0E00               	movlw	0
   155  007F9A  6E93               	movwf	3987,c	;volatile
   156                           
   157                           ;EX06.c: 19:     LATB = 0b00000000;
   158  007F9C  0E00               	movlw	0
   159  007F9E  6E8A               	movwf	3978,c	;volatile
   160                           
   161                           ;EX06.c: 21:     TRISCbits.TRISC0 = 1;
   162  007FA0  8094               	bsf	3988,0,c	;volatile
   163  007FA2                     l773:
   164                           
   165                           ;EX06.c: 24:     {;EX06.c: 25:         if (PORTCbits.RC0 == 1)
   166  007FA2  A082               	btfss	3970,0,c	;volatile
   167  007FA4  D003               	goto	l779
   168                           
   169                           ;EX06.c: 26:         {;EX06.c: 27:             change++;
   170  007FA6  4A03               	infsnz	_change,f,c
   171  007FA8  2A04               	incf	_change+1,f,c
   172                           
   173                           ;EX06.c: 28:             run = 1;
   174  007FAA  8009               	bsf	_run/(0+8),_run& (0+7),c
   175  007FAC                     l779:
   176                           
   177                           ;EX06.c: 31:         if (change == 1 && run == 1)
   178  007FAC  0403               	decf	_change,w,c
   179  007FAE  1004               	iorwf	_change+1,w,c
   180  007FB0  B4D8               	btfsc	status,2,c
   181  007FB2  A009               	btfss	_run/(0+8),_run& (0+7),c
   182  007FB4  D003               	goto	l787
   183                           
   184                           ;EX06.c: 32:         {;EX06.c: 33:             piscaLeds();
   185  007FB6  EC9F  F03F         	call	_piscaLeds	;wreg free
   186                           
   187                           ;EX06.c: 34:             run = 0;
   188  007FBA  9009               	bcf	_run/(0+8),_run& (0+7),c
   189  007FBC                     l787:
   190                           
   191                           ;EX06.c: 37:         if (change == 2 && run == 1)
   192  007FBC  0E02               	movlw	2
   193  007FBE  1803               	xorwf	_change,w,c
   194  007FC0  1004               	iorwf	_change+1,w,c
   195  007FC2  B4D8               	btfsc	status,2,c
   196  007FC4  A009               	btfss	_run/(0+8),_run& (0+7),c
   197  007FC6  D003               	goto	l795
   198                           
   199                           ;EX06.c: 38:         {;EX06.c: 39:             ledsEsq();
   200  007FC8  EC7E  F03F         	call	_ledsEsq	;wreg free
   201                           
   202                           ;EX06.c: 40:             run = 0;
   203  007FCC  9009               	bcf	_run/(0+8),_run& (0+7),c
   204  007FCE                     l795:
   205                           
   206                           ;EX06.c: 43:         if (change == 3 && run == 1)
   207  007FCE  0E03               	movlw	3
   208  007FD0  1803               	xorwf	_change,w,c
   209  007FD2  1004               	iorwf	_change+1,w,c
   210  007FD4  B4D8               	btfsc	status,2,c
   211  007FD6  A009               	btfss	_run/(0+8),_run& (0+7),c
   212  007FD8  D007               	goto	l805
   213                           
   214                           ;EX06.c: 44:         {;EX06.c: 45:             ledsDir();
   215  007FDA  EC5D  F03F         	call	_ledsDir	;wreg free
   216                           
   217                           ;EX06.c: 46:             change = 0;
   218  007FDE  0E00               	movlw	0
   219  007FE0  6E04               	movwf	_change+1,c
   220  007FE2  0E00               	movlw	0
   221  007FE4  6E03               	movwf	_change,c
   222                           
   223                           ;EX06.c: 47:             run = 0;
   224  007FE6  9009               	bcf	_run/(0+8),_run& (0+7),c
   225  007FE8                     l805:
   226                           
   227                           ;EX06.c: 50:         _delay((unsigned long)((300)*(8000000/4000.0)));
   228  007FE8  0E04               	movlw	4
   229  007FEA  6E08               	movwf	(??_main+1)& (0+255),c
   230  007FEC  0E0C               	movlw	12
   231  007FEE  6E07               	movwf	??_main& (0+255),c
   232  007FF0  0E34               	movlw	52
   233  007FF2                     u117:
   234  007FF2  2EE8               	decfsz	wreg,f,c
   235  007FF4  D7FE               	bra	u117
   236  007FF6  2E07               	decfsz	??_main& (0+255),f,c
   237  007FF8  D7FC               	bra	u117
   238  007FFA  2E08               	decfsz	(??_main+1)& (0+255),f,c
   239  007FFC  D7FA               	bra	u117
   240  007FFE  D7D1               	goto	l773
   241  008000                     __end_of_main:
   242                           	opt callstack 0
   243                           
   244 ;; *************** function _piscaLeds *****************
   245 ;; Defined at:
   246 ;;		line 54 in file "EX06.c"
   247 ;; Parameters:    Size  Location     Type
   248 ;;		None
   249 ;; Auto vars:     Size  Location     Type
   250 ;;		None
   251 ;; Return value:  Size  Location     Type
   252 ;;                  1    wreg      void 
   253 ;; Registers used:
   254 ;;		wreg, status,2, status,0
   255 ;; Tracked objects:
   256 ;;		On entry : 0/0
   257 ;;		On exit  : 0/0
   258 ;;		Unchanged: 0/0
   259 ;; Data sizes:     COMRAM   BANK0   BANK1   BANK2   BANK3   BANK4   BANK5
   260 ;;      Params:         0       0       0       0       0       0       0
   261 ;;      Locals:         0       0       0       0       0       0       0
   262 ;;      Temps:          2       0       0       0       0       0       0
   263 ;;      Totals:         2       0       0       0       0       0       0
   264 ;;Total ram usage:        2 bytes
   265 ;; Hardware stack levels used:    1
   266 ;; This function calls:
   267 ;;		Nothing
   268 ;; This function is called by:
   269 ;;		_main
   270 ;; This function uses a non-reentrant model
   271 ;;
   272                           
   273                           	psect	text1
   274  007F3E                     __ptext1:
   275                           	opt callstack 0
   276  007F3E                     _piscaLeds:
   277                           	opt callstack 30
   278                           
   279                           ;EX06.c: 56:    for (i = 0; i < 5; i++)
   280                           
   281                           ;incstack = 0
   282  007F3E  0E00               	movlw	0
   283  007F40  6E02               	movwf	_i+1,c
   284  007F42  0E00               	movlw	0
   285  007F44  6E01               	movwf	_i,c
   286  007F46                     l727:
   287  007F46  BE02               	btfsc	_i+1,7,c
   288  007F48  D006               	goto	l731
   289  007F4A  5002               	movf	_i+1,w,c
   290  007F4C  E122               	bnz	l743
   291  007F4E  0E05               	movlw	5
   292  007F50  5C01               	subwf	_i,w,c
   293  007F52  B0D8               	btfsc	status,0,c
   294  007F54  D01E               	goto	l743
   295  007F56                     l731:
   296                           
   297                           ;EX06.c: 57:    {;EX06.c: 58:         LATB = 0b00000000;
   298  007F56  0E00               	movlw	0
   299  007F58  6E8A               	movwf	3978,c	;volatile
   300                           
   301                           ;EX06.c: 59:         _delay((unsigned long)((100)*(8000000/4000.0)));
   302  007F5A  0E02               	movlw	2
   303  007F5C  6E06               	movwf	(??_piscaLeds+1)& (0+255),c
   304  007F5E  0E04               	movlw	4
   305  007F60  6E05               	movwf	??_piscaLeds& (0+255),c
   306  007F62  0EBA               	movlw	186
   307  007F64                     u127:
   308  007F64  2EE8               	decfsz	wreg,f,c
   309  007F66  D7FE               	bra	u127
   310  007F68  2E05               	decfsz	??_piscaLeds& (0+255),f,c
   311  007F6A  D7FC               	bra	u127
   312  007F6C  2E06               	decfsz	(??_piscaLeds+1)& (0+255),f,c
   313  007F6E  D7FA               	bra	u127
   314  007F70  D000               	nop2	
   315                           
   316                           ;EX06.c: 60:         LATB = 0b11111111;
   317  007F72  688A               	setf	3978,c	;volatile
   318                           
   319                           ;EX06.c: 61:         _delay((unsigned long)((100)*(8000000/4000.0)));
   320  007F74  0E02               	movlw	2
   321  007F76  6E06               	movwf	(??_piscaLeds+1)& (0+255),c
   322  007F78  0E04               	movlw	4
   323  007F7A  6E05               	movwf	??_piscaLeds& (0+255),c
   324  007F7C  0EBA               	movlw	186
   325  007F7E                     u137:
   326  007F7E  2EE8               	decfsz	wreg,f,c
   327  007F80  D7FE               	bra	u137
   328  007F82  2E05               	decfsz	??_piscaLeds& (0+255),f,c
   329  007F84  D7FC               	bra	u137
   330  007F86  2E06               	decfsz	(??_piscaLeds+1)& (0+255),f,c
   331  007F88  D7FA               	bra	u137
   332  007F8A  D000               	nop2	
   333                           
   334                           ;EX06.c: 62:     }
   335  007F8C  4A01               	infsnz	_i,f,c
   336  007F8E  2A02               	incf	_i+1,f,c
   337  007F90  D7DA               	goto	l727
   338  007F92                     l743:
   339                           
   340                           ;EX06.c: 63:     LATB = 0b00000000;
   341  007F92  0E00               	movlw	0
   342  007F94  6E8A               	movwf	3978,c	;volatile
   343  007F96  0012               	return		;funcret
   344  007F98                     __end_of_piscaLeds:
   345                           	opt callstack 0
   346                           
   347 ;; *************** function _ledsEsq *****************
   348 ;; Defined at:
   349 ;;		line 66 in file "EX06.c"
   350 ;; Parameters:    Size  Location     Type
   351 ;;		None
   352 ;; Auto vars:     Size  Location     Type
   353 ;;		None
   354 ;; Return value:  Size  Location     Type
   355 ;;                  1    wreg      void 
   356 ;; Registers used:
   357 ;;		wreg, status,2, status,0
   358 ;; Tracked objects:
   359 ;;		On entry : 0/0
   360 ;;		On exit  : 0/0
   361 ;;		Unchanged: 0/0
   362 ;; Data sizes:     COMRAM   BANK0   BANK1   BANK2   BANK3   BANK4   BANK5
   363 ;;      Params:         0       0       0       0       0       0       0
   364 ;;      Locals:         0       0       0       0       0       0       0
   365 ;;      Temps:          2       0       0       0       0       0       0
   366 ;;      Totals:         2       0       0       0       0       0       0
   367 ;;Total ram usage:        2 bytes
   368 ;; Hardware stack levels used:    1
   369 ;; This function calls:
   370 ;;		Nothing
   371 ;; This function is called by:
   372 ;;		_main
   373 ;; This function uses a non-reentrant model
   374 ;;
   375                           
   376                           	psect	text2
   377  007EFC                     __ptext2:
   378                           	opt callstack 0
   379  007EFC                     _ledsEsq:
   380                           	opt callstack 30
   381                           
   382                           ;EX06.c: 68:     LATB = 0b00000001;
   383                           
   384                           ;incstack = 0
   385  007EFC  0E01               	movlw	1
   386  007EFE  6E8A               	movwf	3978,c	;volatile
   387                           
   388                           ;EX06.c: 70:     for (i = 0; i <= 7; i++)
   389  007F00  0E00               	movlw	0
   390  007F02  6E02               	movwf	_i+1,c
   391  007F04  0E00               	movlw	0
   392  007F06  6E01               	movwf	_i,c
   393  007F08                     l747:
   394  007F08  BE02               	btfsc	_i+1,7,c
   395  007F0A  D006               	goto	l751
   396  007F0C  5002               	movf	_i+1,w,c
   397  007F0E  E116               	bnz	l44
   398  007F10  0E08               	movlw	8
   399  007F12  5C01               	subwf	_i,w,c
   400  007F14  B0D8               	btfsc	status,0,c
   401  007F16  0012               	return	
   402  007F18                     l751:
   403                           
   404                           ;EX06.c: 71:     {;EX06.c: 72:         _delay((unsigned long)((100)*(8000000/4000.0)));
   405  007F18  0E02               	movlw	2
   406  007F1A  6E06               	movwf	(??_ledsEsq+1)& (0+255),c
   407  007F1C  0E04               	movlw	4
   408  007F1E  6E05               	movwf	??_ledsEsq& (0+255),c
   409  007F20  0EBA               	movlw	186
   410  007F22                     u147:
   411  007F22  2EE8               	decfsz	wreg,f,c
   412  007F24  D7FE               	bra	u147
   413  007F26  2E05               	decfsz	??_ledsEsq& (0+255),f,c
   414  007F28  D7FC               	bra	u147
   415  007F2A  2E06               	decfsz	(??_ledsEsq+1)& (0+255),f,c
   416  007F2C  D7FA               	bra	u147
   417  007F2E  D000               	nop2	
   418                           
   419                           ;EX06.c: 73:         LATB = LATB << 1;
   420  007F30  508A               	movf	3978,w,c	;volatile
   421  007F32  248A               	addwf	3978,w,c	;volatile
   422  007F34  6E8A               	movwf	3978,c	;volatile
   423                           
   424                           ;EX06.c: 74:     }
   425  007F36  4A01               	infsnz	_i,f,c
   426  007F38  2A02               	incf	_i+1,f,c
   427  007F3A  D7E6               	goto	l747
   428  007F3C                     l44:
   429  007F3C  0012               	return		;funcret
   430  007F3E                     __end_of_ledsEsq:
   431                           	opt callstack 0
   432                           
   433 ;; *************** function _ledsDir *****************
   434 ;; Defined at:
   435 ;;		line 77 in file "EX06.c"
   436 ;; Parameters:    Size  Location     Type
   437 ;;		None
   438 ;; Auto vars:     Size  Location     Type
   439 ;;		None
   440 ;; Return value:  Size  Location     Type
   441 ;;                  1    wreg      void 
   442 ;; Registers used:
   443 ;;		wreg, status,2, status,0
   444 ;; Tracked objects:
   445 ;;		On entry : 0/0
   446 ;;		On exit  : 0/0
   447 ;;		Unchanged: 0/0
   448 ;; Data sizes:     COMRAM   BANK0   BANK1   BANK2   BANK3   BANK4   BANK5
   449 ;;      Params:         0       0       0       0       0       0       0
   450 ;;      Locals:         0       0       0       0       0       0       0
   451 ;;      Temps:          2       0       0       0       0       0       0
   452 ;;      Totals:         2       0       0       0       0       0       0
   453 ;;Total ram usage:        2 bytes
   454 ;; Hardware stack levels used:    1
   455 ;; This function calls:
   456 ;;		Nothing
   457 ;; This function is called by:
   458 ;;		_main
   459 ;; This function uses a non-reentrant model
   460 ;;
   461                           
   462                           	psect	text3
   463  007EBA                     __ptext3:
   464                           	opt callstack 0
   465  007EBA                     _ledsDir:
   466                           	opt callstack 30
   467                           
   468                           ;EX06.c: 79:     LATB = 0b10000000;
   469                           
   470                           ;incstack = 0
   471  007EBA  0E80               	movlw	128
   472  007EBC  6E8A               	movwf	3978,c	;volatile
   473                           
   474                           ;EX06.c: 81:     for (i = 0; i <= 7; i++)
   475  007EBE  0E00               	movlw	0
   476  007EC0  6E02               	movwf	_i+1,c
   477  007EC2  0E00               	movlw	0
   478  007EC4  6E01               	movwf	_i,c
   479  007EC6                     l759:
   480  007EC6  BE02               	btfsc	_i+1,7,c
   481  007EC8  D006               	goto	l763
   482  007ECA  5002               	movf	_i+1,w,c
   483  007ECC  E116               	bnz	l49
   484  007ECE  0E08               	movlw	8
   485  007ED0  5C01               	subwf	_i,w,c
   486  007ED2  B0D8               	btfsc	status,0,c
   487  007ED4  0012               	return	
   488  007ED6                     l763:
   489                           
   490                           ;EX06.c: 82:     {;EX06.c: 83:         _delay((unsigned long)((100)*(8000000/4000.0)));
   491  007ED6  0E02               	movlw	2
   492  007ED8  6E06               	movwf	(??_ledsDir+1)& (0+255),c
   493  007EDA  0E04               	movlw	4
   494  007EDC  6E05               	movwf	??_ledsDir& (0+255),c
   495  007EDE  0EBA               	movlw	186
   496  007EE0                     u157:
   497  007EE0  2EE8               	decfsz	wreg,f,c
   498  007EE2  D7FE               	bra	u157
   499  007EE4  2E05               	decfsz	??_ledsDir& (0+255),f,c
   500  007EE6  D7FC               	bra	u157
   501  007EE8  2E06               	decfsz	(??_ledsDir+1)& (0+255),f,c
   502  007EEA  D7FA               	bra	u157
   503  007EEC  D000               	nop2	
   504                           
   505                           ;EX06.c: 84:         LATB = LATB >> 1;
   506  007EEE  90D8               	bcf	status,0,c
   507  007EF0  308A               	rrcf	3978,w,c	;volatile
   508  007EF2  6E8A               	movwf	3978,c	;volatile
   509                           
   510                           ;EX06.c: 85:     }
   511  007EF4  4A01               	infsnz	_i,f,c
   512  007EF6  2A02               	incf	_i+1,f,c
   513  007EF8  D7E6               	goto	l759
   514  007EFA                     l49:
   515  007EFA  0012               	return		;funcret
   516  007EFC                     __end_of_ledsDir:
   517                           	opt callstack 0
   518  0000                     
   519                           	psect	rparam
   520  0000                     tosu	equ	0xFFF
   521                           tosh	equ	0xFFE
   522                           tosl	equ	0xFFD
   523                           stkptr	equ	0xFFC
   524                           pclatu	equ	0xFFB
   525                           pclath	equ	0xFFA
   526                           pcl	equ	0xFF9
   527                           tblptru	equ	0xFF8
   528                           tblptrh	equ	0xFF7
   529                           tblptrl	equ	0xFF6
   530                           tablat	equ	0xFF5
   531                           prodh	equ	0xFF4
   532                           prodl	equ	0xFF3
   533                           indf0	equ	0xFEF
   534                           postinc0	equ	0xFEE
   535                           postdec0	equ	0xFED
   536                           preinc0	equ	0xFEC
   537                           plusw0	equ	0xFEB
   538                           fsr0h	equ	0xFEA
   539                           fsr0l	equ	0xFE9
   540                           wreg	equ	0xFE8
   541                           indf1	equ	0xFE7
   542                           postinc1	equ	0xFE6
   543                           postdec1	equ	0xFE5
   544                           preinc1	equ	0xFE4
   545                           plusw1	equ	0xFE3
   546                           fsr1h	equ	0xFE2
   547                           fsr1l	equ	0xFE1
   548                           bsr	equ	0xFE0
   549                           indf2	equ	0xFDF
   550                           postinc2	equ	0xFDE
   551                           postdec2	equ	0xFDD
   552                           preinc2	equ	0xFDC
   553                           plusw2	equ	0xFDB
   554                           fsr2h	equ	0xFDA
   555                           fsr2l	equ	0xFD9
   556                           status	equ	0xFD8


Data Sizes:
    Strings     0
    Constant    0
    Data        0
    BSS         4
    Persistent  0
    Stack       0

Auto Spaces:
    Space          Size  Autos    Used
    COMRAM          127      4       9
    BANK0           128      0       0
    BANK1           256      0       0
    BANK2           256      0       0
    BANK3           256      0       0
    BANK4           256      0       0
    BANK5           256      0       0

Pointer List with Targets:

    None.

Critical Paths under _main in COMRAM

    _main->_ledsDir
    _main->_ledsEsq
    _main->_piscaLeds

Critical Paths under _main in BANK0

    None.

Critical Paths under _main in BANK1

    None.

Critical Paths under _main in BANK2

    None.

Critical Paths under _main in BANK3

    None.

Critical Paths under _main in BANK4

    None.

Critical Paths under _main in BANK5

    None.

Call Graph Tables:

 ---------------------------------------------------------------------------------
 (Depth) Function   	        Calls       Base Space   Used Autos Params    Refs
 ---------------------------------------------------------------------------------
 (0) _main                                                 2     2      0       0
                                              2 COMRAM     2     2      0
                            _ledsDir
                            _ledsEsq
                          _piscaLeds
 ---------------------------------------------------------------------------------
 (1) _piscaLeds                                            2     2      0       0
                                              0 COMRAM     2     2      0
 ---------------------------------------------------------------------------------
 (1) _ledsEsq                                              2     2      0       0
                                              0 COMRAM     2     2      0
 ---------------------------------------------------------------------------------
 (1) _ledsDir                                              2     2      0       0
                                              0 COMRAM     2     2      0
 ---------------------------------------------------------------------------------
 Estimated maximum stack depth 1
 ---------------------------------------------------------------------------------

 Call Graph Graphs:

 _main (ROOT)
   _ledsDir
   _ledsEsq
   _piscaLeds

 Address spaces:
Name               Size   Autos  Total    Cost      Usage
BIGRAM             5FF      0       0      17        0.0%
EEDATA             100      0       0       0        0.0%
BITBANK5           100      0       0      16        0.0%
BANK5              100      0       0      14        0.0%
BITBANK4           100      0       0      12        0.0%
BANK4              100      0       0      13        0.0%
BITBANK3           100      0       0      10        0.0%
BANK3              100      0       0      11        0.0%
BITBANK2           100      0       0       8        0.0%
BANK2              100      0       0       9        0.0%
BITBANK1           100      0       0       6        0.0%
BANK1              100      0       0       7        0.0%
BITBANK0            80      0       0       4        0.0%
BANK0               80      0       0       5        0.0%
BITCOMRAM           7F      0       1       0        0.8%
COMRAM              7F      4       9       1        7.1%
BITSFR               0      0       0     200        0.0%
SFR                  0      0       0     200        0.0%
STACK                0      0       0       2        0.0%
NULL                 0      0       0       0        0.0%
ABS                  0      0       9      15        0.0%
DATA                 0      0       9       3        0.0%
CODE                 0      0       0       0        0.0%


Microchip Technology PIC18 Macro Assembler V2.05 build -831301201 
Symbol Table                                                                                   Wed Apr 10 20:43:14 2019

                      _i 0001                       l44 7F3C                       l49 7EFA  
            __CFG_BORV$3 000000             __CFG_CP0$OFF 000000             __CFG_CP1$OFF 000000  
           __CFG_CP2$OFF 000000             __CFG_CP3$OFF 000000              __CFG_OSC$HS 000000  
                    l731 7F56                      l805 7FE8                      l751 7F18  
                    l743 7F92                      l727 7F46                      l763 7ED6  
                    l747 7F08                      l773 7FA2                      l759 7EC6  
                    l795 7FCE                      l787 7FBC                      l779 7FAC  
           __CFG_CPB$OFF 000000                      u117 7FF2                      u127 7F64  
                    u137 7F7E                      u147 7F22                      u157 7EE0  
           __CFG_CPD$OFF 000000                      _run 0048                      wreg 000FE8  
           __CFG_LVP$OFF 000000             __CFG_WDT$OFF 000000                     _LATB 000F8A  
           __CFG_PWRT$ON 000000                     _main 7F98                     start 0000  
          __CFG_IESO$OFF 000000            __CFG_MCLRE$ON 000000             ___param_bank 000000  
                  ?_main 0005                    _TRISB 000F93            __CFG_WRT0$OFF 000000  
          __CFG_WRT1$OFF 000000            __CFG_WRT2$OFF 000000            __CFG_WRT3$OFF 000000  
         __CFG_EBTR0$OFF 000000           __CFG_FCMEN$OFF 000000           __CFG_EBTR1$OFF 000000  
         __CFG_EBTR2$OFF 000000           __CFG_EBTR3$OFF 000000            __CFG_WRTB$OFF 000000  
          __CFG_WRTC$OFF 000000            __CFG_WRTD$OFF 000000          __end_of_ledsDir 7EFC  
        __end_of_ledsEsq 7F3E           __CFG_EBTRB$OFF 000000           __pbitbssCOMRAM 0048  
         __CFG_BOREN$OFF 000000                    status 000FD8          __initialization 7EAA  
           __end_of_main 8000                   ??_main 0007            __activetblptr 000000  
         __CFG_XINST$OFF 000000           __CFG_STVREN$ON 000000                   _change 0003  
              ??_ledsDir 0005                ??_ledsEsq 0005               __accesstop 0080  
__end_of__initialization 7EB4          __CFG_PBADEN$OFF 000000            ___rparam_used 000001  
         __pcstackCOMRAM 0005       __size_of_piscaLeds 005A                  __Hparam 0000  
                __Lparam 0000                  __pcinit 7EAA                  __ramtop 0600  
                __ptext0 7F98                  __ptext1 7F3E                  __ptext2 7EFC  
                __ptext3 7EBA                  _ledsDir 7EBA                  _ledsEsq 7EFC  
   end_of_initialization 7EB4        __end_of_piscaLeds 7F98                _PORTCbits 000F82  
              _TRISCbits 000F94      start_initialization 7EAA         __CFG_LPT1OSC$OFF 000000  
            __pbssCOMRAM 0001        __CFG_CCP2MX$PORTC 000000                 ?_ledsDir 0005  
               ?_ledsEsq 0005                _piscaLeds 7F3E         __CFG_WDTPS$32768 000000  
             ?_piscaLeds 0005                 __Hrparam 0000                 __Lrparam 0000  
       __size_of_ledsDir 0042         __size_of_ledsEsq 0042            __size_of_main 0068  
            ??_piscaLeds 0005  
