

Microchip MPLAB XC8 Assembler V2.05 build -831301201 
                                                                                               Sat Jun 22 12:09:11 2019

Microchip MPLAB XC8 C Compiler v2.05 (Free license) build 20181220022703 Og1 
     1                           	processor	18F4520
     2                           	fnconf	rparam,??,?,0
     3                           	opt	pw 120
     4                           	opt	flic
     5                           	psect	cinit,global,reloc=2,class=CODE,delta=1
     6                           	psect	cstackCOMRAM,global,class=COMRAM,space=1,delta=1,noexec
     7                           	psect	text0,global,reloc=2,class=CODE,delta=1
     8                           	psect	intsave_regs,global,class=BIGRAM,space=1,delta=1,noexec
     9                           	psect	rparam,global,class=COMRAM,space=1,delta=1,noexec
    10  0000                     
    11                           ; Version 2.05
    12                           ; Generated 20/12/2018 GMT
    13                           ; 
    14                           ; Copyright © 2018, Microchip Technology Inc. and its subsidiaries ("Microchip")
    15                           ; All rights reserved.
    16                           ; 
    17                           ; This software is developed by Microchip Technology Inc. and its subsidiaries ("Microch
      +                          ip").
    18                           ; 
    19                           ; Redistribution and use in source and binary forms, with or without modification, are
    20                           ; permitted provided that the following conditions are met:
    21                           ; 
    22                           ;     1. Redistributions of source code must retain the above copyright notice, this lis
      +                          t of
    23                           ;        conditions and the following disclaimer.
    24                           ; 
    25                           ;     2. Redistributions in binary form must reproduce the above copyright notice, this 
      +                          list
    26                           ;        of conditions and the following disclaimer in the documentation and/or other
    27                           ;        materials provided with the distribution.
    28                           ; 
    29                           ;     3. Microchip's name may not be used to endorse or promote products derived from th
      +                          is
    30                           ;        software without specific prior written permission.
    31                           ; 
    32                           ; THIS SOFTWARE IS PROVIDED BY MICROCHIP "AS IS" AND ANY EXPRESS OR IMPLIED WARRANTIES,
    33                           ; INCLUDING, BUT NOT LIMITED TO, THE IMPLIED WARRANTIES OF MERCHANTABILITY AND FITNESS F
      +                          OR
    34                           ; PURPOSE ARE DISCLAIMED.  IN NO EVENT SHALL MICROCHIP BE LIABLE FOR ANY DIRECT, INDIREC
      +                          T,
    35                           ; INCIDENTAL, SPECIAL, EXEMPLARY, OR CONSEQUENTIAL DAMAGES (INCLUDING BUT NOT LIMITED TO
    36                           ; PROCUREMENT OF SUBSTITUTE GOODS OR SERVICES; LOSS OF USE, DATA OR PROFITS; OR BUSINESS
    37                           ; INTERRUPTION) HOWSOEVER CAUSED AND ON ANY THEORY OF LIABILITY, WHETHER IN CONTRACT, ST
      +                          RICT
    38                           ; LIABILITY, OR TORT (INCLUDING NEGLIGENCE OR OTHERWISE) ARISING IN ANY WAY OUT OF THE U
      +                          SE OF
    39                           ; THIS SOFTWARE, EVEN IF ADVISED OF THE POSSIBILITY OF SUCH DAMAGE.
    40                           ; 
    41                           ; 
    42                           ; Code-generator required, PIC18F4520 Definitions
    43                           ; 
    44                           ; SFR Addresses
    45  0000                     _LATB	set	3978
    46  0000                     _TRISB	set	3987
    47                           
    48                           ; #config settings
    49  0000                     
    50                           	psect	cinit
    51  007FBA                     __pcinit:
    52                           	opt callstack 0
    53  007FBA                     start_initialization:
    54                           	opt callstack 0
    55  007FBA                     __initialization:
    56                           	opt callstack 0
    57  007FBA                     end_of_initialization:
    58                           	opt callstack 0
    59  007FBA                     __end_of__initialization:
    60                           	opt callstack 0
    61  007FBA  0100               	movlb	0
    62  007FBC  EFE0  F03F         	goto	_main	;jump to C main() function
    63                           
    64                           	psect	cstackCOMRAM
    65  000001                     __pcstackCOMRAM:
    66                           	opt callstack 0
    67  000001                     ??_main:
    68                           
    69                           ; 1 bytes @ 0x0
    70  000001                     	ds	2
    71                           
    72 ;;
    73 ;;Main: autosize = 0, tempsize = 2, incstack = 0, save=0
    74 ;;
    75 ;; *************** function _main *****************
    76 ;; Defined at:
    77 ;;		line 67 in file "EX02.c"
    78 ;; Parameters:    Size  Location     Type
    79 ;;		None
    80 ;; Auto vars:     Size  Location     Type
    81 ;;		None
    82 ;; Return value:  Size  Location     Type
    83 ;;                  1    wreg      void 
    84 ;; Registers used:
    85 ;;		wreg, status,2
    86 ;; Tracked objects:
    87 ;;		On entry : 0/0
    88 ;;		On exit  : 0/0
    89 ;;		Unchanged: 0/0
    90 ;; Data sizes:     COMRAM   BANK0   BANK1   BANK2   BANK3   BANK4   BANK5
    91 ;;      Params:         0       0       0       0       0       0       0
    92 ;;      Locals:         0       0       0       0       0       0       0
    93 ;;      Temps:          2       0       0       0       0       0       0
    94 ;;      Totals:         2       0       0       0       0       0       0
    95 ;;Total ram usage:        2 bytes
    96 ;; This function calls:
    97 ;;		Nothing
    98 ;; This function is called by:
    99 ;;		Startup code after reset
   100 ;; This function uses a non-reentrant model
   101 ;;
   102                           
   103                           	psect	text0
   104  007FC0                     __ptext0:
   105                           	opt callstack 0
   106  007FC0                     _main:
   107                           	opt callstack 31
   108                           
   109                           ;EX02.c: 69:     TRISB = 0b00000000;
   110                           
   111                           ;incstack = 0
   112  007FC0  0E00               	movlw	0
   113  007FC2  6E93               	movwf	3987,c	;volatile
   114                           
   115                           ;EX02.c: 71:     LATB = 0b00000000;
   116  007FC4  0E00               	movlw	0
   117  007FC6  6E8A               	movwf	3978,c	;volatile
   118  007FC8                     l692:
   119                           
   120                           ;EX02.c: 74:     {;EX02.c: 75:        LATB = 0b11111111;
   121  007FC8  688A               	setf	3978,c	;volatile
   122                           
   123                           ;EX02.c: 77:        _delay((unsigned long)((2000)*(8000000/4000.0)));
   124  007FCA  0E15               	movlw	21
   125  007FCC  6E02               	movwf	(??_main+1)& (0+255),c
   126  007FCE  0E4B               	movlw	75
   127  007FD0  6E01               	movwf	??_main& (0+255),c
   128  007FD2  0EBE               	movlw	190
   129  007FD4                     u17:
   130  007FD4  2EE8               	decfsz	wreg,f,c
   131  007FD6  D7FE               	bra	u17
   132  007FD8  2E01               	decfsz	??_main& (0+255),f,c
   133  007FDA  D7FC               	bra	u17
   134  007FDC  2E02               	decfsz	(??_main+1)& (0+255),f,c
   135  007FDE  D7FA               	bra	u17
   136  007FE0  D000               	nop2	
   137                           
   138                           ;EX02.c: 79:        LATB = 0b00000000;
   139  007FE2  0E00               	movlw	0
   140  007FE4  6E8A               	movwf	3978,c	;volatile
   141                           
   142                           ;EX02.c: 81:        _delay((unsigned long)((2000)*(8000000/4000.0)));
   143  007FE6  0E15               	movlw	21
   144  007FE8  6E02               	movwf	(??_main+1)& (0+255),c
   145  007FEA  0E4B               	movlw	75
   146  007FEC  6E01               	movwf	??_main& (0+255),c
   147  007FEE  0EBE               	movlw	190
   148  007FF0                     u27:
   149  007FF0  2EE8               	decfsz	wreg,f,c
   150  007FF2  D7FE               	bra	u27
   151  007FF4  2E01               	decfsz	??_main& (0+255),f,c
   152  007FF6  D7FC               	bra	u27
   153  007FF8  2E02               	decfsz	(??_main+1)& (0+255),f,c
   154  007FFA  D7FA               	bra	u27
   155  007FFC  D000               	nop2	
   156  007FFE  D7E4               	goto	l692
   157  008000                     __end_of_main:
   158                           	opt callstack 0
   159  0000                     
   160                           	psect	rparam
   161  0000                     tosu	equ	0xFFF
   162                           tosh	equ	0xFFE
   163                           tosl	equ	0xFFD
   164                           stkptr	equ	0xFFC
   165                           pclatu	equ	0xFFB
   166                           pclath	equ	0xFFA
   167                           pcl	equ	0xFF9
   168                           tblptru	equ	0xFF8
   169                           tblptrh	equ	0xFF7
   170                           tblptrl	equ	0xFF6
   171                           tablat	equ	0xFF5
   172                           prodh	equ	0xFF4
   173                           prodl	equ	0xFF3
   174                           indf0	equ	0xFEF
   175                           postinc0	equ	0xFEE
   176                           postdec0	equ	0xFED
   177                           preinc0	equ	0xFEC
   178                           plusw0	equ	0xFEB
   179                           fsr0h	equ	0xFEA
   180                           fsr0l	equ	0xFE9
   181                           wreg	equ	0xFE8
   182                           indf1	equ	0xFE7
   183                           postinc1	equ	0xFE6
   184                           postdec1	equ	0xFE5
   185                           preinc1	equ	0xFE4
   186                           plusw1	equ	0xFE3
   187                           fsr1h	equ	0xFE2
   188                           fsr1l	equ	0xFE1
   189                           bsr	equ	0xFE0
   190                           indf2	equ	0xFDF
   191                           postinc2	equ	0xFDE
   192                           postdec2	equ	0xFDD
   193                           preinc2	equ	0xFDC
   194                           plusw2	equ	0xFDB
   195                           fsr2h	equ	0xFDA
   196                           fsr2l	equ	0xFD9
   197                           status	equ	0xFD8


Data Sizes:
    Strings     0
    Constant    0
    Data        0
    BSS         0
    Persistent  0
    Stack       0

Auto Spaces:
    Space          Size  Autos    Used
    COMRAM          127      2       2
    BANK0           128      0       0
    BANK1           256      0       0
    BANK2           256      0       0
    BANK3           256      0       0
    BANK4           256      0       0
    BANK5           256      0       0

Pointer List with Targets:

    None.

Critical Paths under _main in COMRAM

    None.

Critical Paths under _main in BANK0

    None.

Critical Paths under _main in BANK1

    None.

Critical Paths under _main in BANK2

    None.

Critical Paths under _main in BANK3

    None.

Critical Paths under _main in BANK4

    None.

Critical Paths under _main in BANK5

    None.

Call Graph Tables:

 ---------------------------------------------------------------------------------
 (Depth) Function   	        Calls       Base Space   Used Autos Params    Refs
 ---------------------------------------------------------------------------------
 (0) _main                                                 2     2      0       0
                                              0 COMRAM     2     2      0
 ---------------------------------------------------------------------------------
 Estimated maximum stack depth 0
 ---------------------------------------------------------------------------------

 Call Graph Graphs:

 _main (ROOT)

 Address spaces:
Name               Size   Autos  Total    Cost      Usage
BITCOMRAM           7F      0       0       0        0.0%
EEDATA             100      0       0       0        0.0%
NULL                 0      0       0       0        0.0%
CODE                 0      0       0       0        0.0%
COMRAM              7F      2       2       1        1.6%
STACK                0      0       0       2        0.0%
DATA                 0      0       0       3        0.0%
BITBANK0            80      0       0       4        0.0%
BANK0               80      0       0       5        0.0%
BITBANK1           100      0       0       6        0.0%
BANK1              100      0       0       7        0.0%
BITBANK2           100      0       0       8        0.0%
BANK2              100      0       0       9        0.0%
BITBANK3           100      0       0      10        0.0%
BANK3              100      0       0      11        0.0%
BITBANK4           100      0       0      12        0.0%
BANK4              100      0       0      13        0.0%
BANK5              100      0       0      14        0.0%
ABS                  0      0       0      15        0.0%
BITBANK5           100      0       0      16        0.0%
BIGRAM             5FF      0       0      17        0.0%
BITSFR               0      0       0     200        0.0%
SFR                  0      0       0     200        0.0%


Microchip Technology PIC18 Macro Assembler V2.05 build -831301201 
Symbol Table                                                                                   Sat Jun 22 12:09:11 2019

                     u17 7FD4                       u27 7FF0              __CFG_BORV$3 000000  
           __CFG_CP0$OFF 000000             __CFG_CP1$OFF 000000             __CFG_CP2$OFF 000000  
           __CFG_CP3$OFF 000000              __CFG_OSC$HS 000000                      l692 7FC8  
           __CFG_CPB$OFF 000000             __CFG_CPD$OFF 000000                      wreg 000FE8  
           __CFG_LVP$OFF 000000             __CFG_WDT$OFF 000000                     _LATB 000F8A  
           __CFG_PWRT$ON 000000                     _main 7FC0                     start 0000  
          __CFG_IESO$OFF 000000            __CFG_MCLRE$ON 000000             ___param_bank 000000  
                  ?_main 0001                    _TRISB 000F93            __CFG_WRT0$OFF 000000  
          __CFG_WRT1$OFF 000000            __CFG_WRT2$OFF 000000            __CFG_WRT3$OFF 000000  
         __CFG_EBTR0$OFF 000000           __CFG_FCMEN$OFF 000000           __CFG_EBTR1$OFF 000000  
         __CFG_EBTR2$OFF 000000           __CFG_EBTR3$OFF 000000            __CFG_WRTB$OFF 000000  
          __CFG_WRTC$OFF 000000            __CFG_WRTD$OFF 000000           __CFG_EBTRB$OFF 000000  
         __CFG_BOREN$OFF 000000          __initialization 7FBA             __end_of_main 8000  
                 ??_main 0001            __activetblptr 000000           __CFG_XINST$OFF 000000  
         __CFG_STVREN$ON 000000               __accesstop 0080  __end_of__initialization 7FBA  
        __CFG_PBADEN$OFF 000000            ___rparam_used 000001           __pcstackCOMRAM 0001  
                __Hparam 0000                  __Lparam 0000                  __pcinit 7FBA  
                __ramtop 0600                  __ptext0 7FC0     end_of_initialization 7FBA  
    start_initialization 7FBA         __CFG_LPT1OSC$OFF 000000        __CFG_CCP2MX$PORTC 000000  
       __CFG_WDTPS$32768 000000                 __Hrparam 0000                 __Lrparam 0000  
          __size_of_main 0040  
