

Microchip MPLAB XC8 Assembler V2.05 build -831301201 
                                                                                               Sat Apr 06 17:04:01 2019

Microchip MPLAB XC8 C Compiler v2.05 (Free license) build 20181220022703 Og1 
     1                           	processor	18F4520
     2                           	fnconf	rparam,??,?,0
     3                           	opt	pw 120
     4                           	opt	flic
     5                           	psect	cinit,global,reloc=2,class=CODE,delta=1
     6                           	psect	cstackCOMRAM,global,class=COMRAM,space=1,delta=1,noexec
     7                           	psect	text0,global,reloc=2,class=CODE,delta=1
     8                           	psect	intsave_regs,global,class=BIGRAM,space=1,delta=1,noexec
     9                           	psect	rparam,global,class=COMRAM,space=1,delta=1,noexec
    10  0000                     
    11                           ; Version 2.05
    12                           ; Generated 20/12/2018 GMT
    13                           ; 
    14                           ; Copyright © 2018, Microchip Technology Inc. and its subsidiaries ("Microchip")
    15                           ; All rights reserved.
    16                           ; 
    17                           ; This software is developed by Microchip Technology Inc. and its subsidiaries ("Microch
      +                          ip").
    18                           ; 
    19                           ; Redistribution and use in source and binary forms, with or without modification, are
    20                           ; permitted provided that the following conditions are met:
    21                           ; 
    22                           ;     1. Redistributions of source code must retain the above copyright notice, this lis
      +                          t of
    23                           ;        conditions and the following disclaimer.
    24                           ; 
    25                           ;     2. Redistributions in binary form must reproduce the above copyright notice, this 
      +                          list
    26                           ;        of conditions and the following disclaimer in the documentation and/or other
    27                           ;        materials provided with the distribution.
    28                           ; 
    29                           ;     3. Microchip's name may not be used to endorse or promote products derived from th
      +                          is
    30                           ;        software without specific prior written permission.
    31                           ; 
    32                           ; THIS SOFTWARE IS PROVIDED BY MICROCHIP "AS IS" AND ANY EXPRESS OR IMPLIED WARRANTIES,
    33                           ; INCLUDING, BUT NOT LIMITED TO, THE IMPLIED WARRANTIES OF MERCHANTABILITY AND FITNESS F
      +                          OR
    34                           ; PURPOSE ARE DISCLAIMED.  IN NO EVENT SHALL MICROCHIP BE LIABLE FOR ANY DIRECT, INDIREC
      +                          T,
    35                           ; INCIDENTAL, SPECIAL, EXEMPLARY, OR CONSEQUENTIAL DAMAGES (INCLUDING BUT NOT LIMITED TO
    36                           ; PROCUREMENT OF SUBSTITUTE GOODS OR SERVICES; LOSS OF USE, DATA OR PROFITS; OR BUSINESS
    37                           ; INTERRUPTION) HOWSOEVER CAUSED AND ON ANY THEORY OF LIABILITY, WHETHER IN CONTRACT, ST
      +                          RICT
    38                           ; LIABILITY, OR TORT (INCLUDING NEGLIGENCE OR OTHERWISE) ARISING IN ANY WAY OUT OF THE U
      +                          SE OF
    39                           ; THIS SOFTWARE, EVEN IF ADVISED OF THE POSSIBILITY OF SUCH DAMAGE.
    40                           ; 
    41                           ; 
    42                           ; Code-generator required, PIC18F4520 Definitions
    43                           ; 
    44                           ; SFR Addresses
    45  0000                     _PORTCbits	set	3970
    46  0000                     _PORTBbits	set	3969
    47  0000                     _PORTAbits	set	3968
    48  0000                     _TRISCbits	set	3988
    49  0000                     _TRISAbits	set	3986
    50  0000                     _LATBbits	set	3978
    51  0000                     _TRISBbits	set	3987
    52                           
    53                           ; #config settings
    54  0000                     
    55                           	psect	cinit
    56  007FC4                     __pcinit:
    57                           	opt callstack 0
    58  007FC4                     start_initialization:
    59                           	opt callstack 0
    60  007FC4                     __initialization:
    61                           	opt callstack 0
    62  007FC4                     end_of_initialization:
    63                           	opt callstack 0
    64  007FC4                     __end_of__initialization:
    65                           	opt callstack 0
    66  007FC4  0100               	movlb	0
    67  007FC6  EFE5  F03F         	goto	_main	;jump to C main() function
    68                           
    69                           	psect	cstackCOMRAM
    70  000001                     __pcstackCOMRAM:
    71                           	opt callstack 0
    72  000001                     ??_main:
    73                           
    74                           ; 1 bytes @ 0x0
    75  000001                     	ds	2
    76                           
    77 ;;
    78 ;;Main: autosize = 0, tempsize = 2, incstack = 0, save=0
    79 ;;
    80 ;; *************** function _main *****************
    81 ;; Defined at:
    82 ;;		line 63 in file "EX03.c"
    83 ;; Parameters:    Size  Location     Type
    84 ;;		None
    85 ;; Auto vars:     Size  Location     Type
    86 ;;		None
    87 ;; Return value:  Size  Location     Type
    88 ;;                  1    wreg      void 
    89 ;; Registers used:
    90 ;;		wreg
    91 ;; Tracked objects:
    92 ;;		On entry : 0/0
    93 ;;		On exit  : 0/0
    94 ;;		Unchanged: 0/0
    95 ;; Data sizes:     COMRAM   BANK0   BANK1   BANK2   BANK3   BANK4   BANK5
    96 ;;      Params:         0       0       0       0       0       0       0
    97 ;;      Locals:         0       0       0       0       0       0       0
    98 ;;      Temps:          2       0       0       0       0       0       0
    99 ;;      Totals:         2       0       0       0       0       0       0
   100 ;;Total ram usage:        2 bytes
   101 ;; This function calls:
   102 ;;		Nothing
   103 ;; This function is called by:
   104 ;;		Startup code after reset
   105 ;; This function uses a non-reentrant model
   106 ;;
   107                           
   108                           	psect	text0
   109  007FCA                     __ptext0:
   110                           	opt callstack 0
   111  007FCA                     _main:
   112                           	opt callstack 31
   113                           
   114                           ;EX03.c: 65:     TRISBbits.TRISB7 = 0;
   115                           
   116                           ;incstack = 0
   117  007FCA  9E93               	bcf	3987,7,c	;volatile
   118                           
   119                           ;EX03.c: 66:     TRISBbits.TRISB6 = 0;
   120  007FCC  9C93               	bcf	3987,6,c	;volatile
   121                           
   122                           ;EX03.c: 67:     TRISBbits.TRISB5 = 0;
   123  007FCE  9A93               	bcf	3987,5,c	;volatile
   124                           
   125                           ;EX03.c: 69:     LATBbits.LATB7 = 0;
   126  007FD0  9E8A               	bcf	3978,7,c	;volatile
   127                           
   128                           ;EX03.c: 70:     LATBbits.LATB6 = 0;
   129  007FD2  9C8A               	bcf	3978,6,c	;volatile
   130                           
   131                           ;EX03.c: 71:     LATBbits.LATB5 = 0;
   132  007FD4  9A8A               	bcf	3978,5,c	;volatile
   133                           
   134                           ;EX03.c: 73:     TRISAbits.TRISA4 = 1;
   135  007FD6  8892               	bsf	3986,4,c	;volatile
   136                           
   137                           ;EX03.c: 74:     TRISBbits.TRISB0 = 1;
   138  007FD8  8093               	bsf	3987,0,c	;volatile
   139                           
   140                           ;EX03.c: 75:     TRISCbits.TRISC0 = 1;
   141  007FDA  8094               	bsf	3988,0,c	;volatile
   142  007FDC                     l21:
   143                           
   144                           ;EX03.c: 78:     {;EX03.c: 79:         if (PORTAbits.RA4 == 1)
   145  007FDC  B880               	btfsc	3968,4,c	;volatile
   146                           
   147                           ;EX03.c: 80:         {;EX03.c: 81:             LATBbits.LATB7 = 1;
   148  007FDE  8E8A               	bsf	3978,7,c	;volatile
   149                           
   150                           ;EX03.c: 84:         if (PORTBbits.RB0 == 1)
   151                           
   152                           ;EX03.c: 82:         }
   153  007FE0  B081               	btfsc	3969,0,c	;volatile
   154                           
   155                           ;EX03.c: 85:         {;EX03.c: 86:             LATBbits.LATB5 = 1;
   156  007FE2  8A8A               	bsf	3978,5,c	;volatile
   157                           
   158                           ;EX03.c: 89:         if (PORTCbits.RC0 == 1)
   159                           
   160                           ;EX03.c: 87:         }
   161  007FE4  B082               	btfsc	3970,0,c	;volatile
   162                           
   163                           ;EX03.c: 90:         {;EX03.c: 91:             LATBbits.LATB6 = 1;
   164  007FE6  8C8A               	bsf	3978,6,c	;volatile
   165                           
   166                           ;EX03.c: 94:         _delay((unsigned long)((300)*(8000000/4000.0)));
   167  007FE8  0E04               	movlw	4
   168  007FEA  6E02               	movwf	(??_main+1)& (0+255),c
   169  007FEC  0E0C               	movlw	12
   170  007FEE  6E01               	movwf	??_main& (0+255),c
   171  007FF0  0E34               	movlw	52
   172  007FF2                     u47:
   173  007FF2  2EE8               	decfsz	wreg,f,c
   174  007FF4  D7FE               	bra	u47
   175  007FF6  2E01               	decfsz	??_main& (0+255),f,c
   176  007FF8  D7FC               	bra	u47
   177  007FFA  2E02               	decfsz	(??_main+1)& (0+255),f,c
   178  007FFC  D7FA               	bra	u47
   179  007FFE  D7EE               	goto	l21
   180  008000                     __end_of_main:
   181                           	opt callstack 0
   182  0000                     
   183                           	psect	rparam
   184  0000                     tosu	equ	0xFFF
   185                           tosh	equ	0xFFE
   186                           tosl	equ	0xFFD
   187                           stkptr	equ	0xFFC
   188                           pclatu	equ	0xFFB
   189                           pclath	equ	0xFFA
   190                           pcl	equ	0xFF9
   191                           tblptru	equ	0xFF8
   192                           tblptrh	equ	0xFF7
   193                           tblptrl	equ	0xFF6
   194                           tablat	equ	0xFF5
   195                           prodh	equ	0xFF4
   196                           prodl	equ	0xFF3
   197                           indf0	equ	0xFEF
   198                           postinc0	equ	0xFEE
   199                           postdec0	equ	0xFED
   200                           preinc0	equ	0xFEC
   201                           plusw0	equ	0xFEB
   202                           fsr0h	equ	0xFEA
   203                           fsr0l	equ	0xFE9
   204                           wreg	equ	0xFE8
   205                           indf1	equ	0xFE7
   206                           postinc1	equ	0xFE6
   207                           postdec1	equ	0xFE5
   208                           preinc1	equ	0xFE4
   209                           plusw1	equ	0xFE3
   210                           fsr1h	equ	0xFE2
   211                           fsr1l	equ	0xFE1
   212                           bsr	equ	0xFE0
   213                           indf2	equ	0xFDF
   214                           postinc2	equ	0xFDE
   215                           postdec2	equ	0xFDD
   216                           preinc2	equ	0xFDC
   217                           plusw2	equ	0xFDB
   218                           fsr2h	equ	0xFDA
   219                           fsr2l	equ	0xFD9
   220                           status	equ	0xFD8


Data Sizes:
    Strings     0
    Constant    0
    Data        0
    BSS         0
    Persistent  0
    Stack       0

Auto Spaces:
    Space          Size  Autos    Used
    COMRAM          127      2       2
    BANK0           128      0       0
    BANK1           256      0       0
    BANK2           256      0       0
    BANK3           256      0       0
    BANK4           256      0       0
    BANK5           256      0       0

Pointer List with Targets:

    None.

Critical Paths under _main in COMRAM

    None.

Critical Paths under _main in BANK0

    None.

Critical Paths under _main in BANK1

    None.

Critical Paths under _main in BANK2

    None.

Critical Paths under _main in BANK3

    None.

Critical Paths under _main in BANK4

    None.

Critical Paths under _main in BANK5

    None.

Call Graph Tables:

 ---------------------------------------------------------------------------------
 (Depth) Function   	        Calls       Base Space   Used Autos Params    Refs
 ---------------------------------------------------------------------------------
 (0) _main                                                 2     2      0       0
                                              0 COMRAM     2     2      0
 ---------------------------------------------------------------------------------
 Estimated maximum stack depth 0
 ---------------------------------------------------------------------------------

 Call Graph Graphs:

 _main (ROOT)

 Address spaces:
Name               Size   Autos  Total    Cost      Usage
BITCOMRAM           7F      0       0       0        0.0%
EEDATA             100      0       0       0        0.0%
NULL                 0      0       0       0        0.0%
CODE                 0      0       0       0        0.0%
COMRAM              7F      2       2       1        1.6%
STACK                0      0       0       2        0.0%
DATA                 0      0       0       3        0.0%
BITBANK0            80      0       0       4        0.0%
BANK0               80      0       0       5        0.0%
BITBANK1           100      0       0       6        0.0%
BANK1              100      0       0       7        0.0%
BITBANK2           100      0       0       8        0.0%
BANK2              100      0       0       9        0.0%
BITBANK3           100      0       0      10        0.0%
BANK3              100      0       0      11        0.0%
BITBANK4           100      0       0      12        0.0%
BANK4              100      0       0      13        0.0%
BANK5              100      0       0      14        0.0%
ABS                  0      0       0      15        0.0%
BITBANK5           100      0       0      16        0.0%
BIGRAM             5FF      0       0      17        0.0%
BITSFR               0      0       0     200        0.0%
SFR                  0      0       0     200        0.0%


Microchip Technology PIC18 Macro Assembler V2.05 build -831301201 
Symbol Table                                                                                   Sat Apr 06 17:04:01 2019

                     l21 7FDC                       u47 7FF2              __CFG_BORV$3 000000  
           __CFG_CP0$OFF 000000             __CFG_CP1$OFF 000000             __CFG_CP2$OFF 000000  
           __CFG_CP3$OFF 000000              __CFG_OSC$HS 000000             __CFG_CPB$OFF 000000  
           __CFG_CPD$OFF 000000                      wreg 000FE8             __CFG_LVP$OFF 000000  
           __CFG_WDT$OFF 000000             __CFG_PWRT$ON 000000                     _main 7FCA  
                   start 0000            __CFG_IESO$OFF 000000            __CFG_MCLRE$ON 000000  
           ___param_bank 000000                    ?_main 0001            __CFG_WRT0$OFF 000000  
          __CFG_WRT1$OFF 000000            __CFG_WRT2$OFF 000000            __CFG_WRT3$OFF 000000  
         __CFG_EBTR0$OFF 000000           __CFG_FCMEN$OFF 000000           __CFG_EBTR1$OFF 000000  
         __CFG_EBTR2$OFF 000000           __CFG_EBTR3$OFF 000000            __CFG_WRTB$OFF 000000  
          __CFG_WRTC$OFF 000000            __CFG_WRTD$OFF 000000           __CFG_EBTRB$OFF 000000  
         __CFG_BOREN$OFF 000000          __initialization 7FC4             __end_of_main 8000  
                 ??_main 0001            __activetblptr 000000           __CFG_XINST$OFF 000000  
         __CFG_STVREN$ON 000000               __accesstop 0080  __end_of__initialization 7FC4  
        __CFG_PBADEN$OFF 000000            ___rparam_used 000001           __pcstackCOMRAM 0001  
                __Hparam 0000                  __Lparam 0000                  __pcinit 7FC4  
                __ramtop 0600                  __ptext0 7FCA     end_of_initialization 7FC4  
              _PORTAbits 000F80                _PORTBbits 000F81                _PORTCbits 000F82  
              _TRISAbits 000F92                _TRISBbits 000F93                _TRISCbits 000F94  
    start_initialization 7FC4         __CFG_LPT1OSC$OFF 000000        __CFG_CCP2MX$PORTC 000000  
               _LATBbits 000F8A         __CFG_WDTPS$32768 000000                 __Hrparam 0000  
               __Lrparam 0000            __size_of_main 0036  
